#
# A fatal error has been detected by the Java Runtime Environment:
#
#  EXCEPTION_ACCESS_VIOLATION (0xc0000005) at pc=0x0000014835e66624, pid=11236, tid=21716
#
# JRE version: OpenJDK Runtime Environment Temurin-21.0.8+9 (21.0.8+9) (build 21.0.8+9-LTS)
# Java VM: OpenJDK 64-Bit Server VM Temurin-21.0.8+9 (21.0.8+9-LTS, mixed mode, sharing, tiered, compressed oops, compressed class ptrs, g1 gc, windows-amd64)
# Problematic frame:
# v  ~BufferBlob::MethodHandles adapters 0x0000014835e66624
#
# No core dump will be written. Minidumps are not enabled by default on client versions of Windows
#
# If you would like to submit a bug report, please visit:
#   https://github.com/adoptium/adoptium-support/issues
#

---------------  S U M M A R Y ------------

Command Line: -XX:+ShowCodeDetailsInExceptionMessages -agentlib:jdwp=transport=dt_socket,suspend=y,address=localhost:59608 -javaagent:C:\Users\Oscgom\eclipse\jee-2025-09\eclipse\configuration\org.eclipse.osgi\442\0\.cp\lib\javaagent-shaded.jar -Dfile.encoding=UTF-8 -Dstdout.encoding=UTF-8 -Dstderr.encoding=UTF-8 com.oscar.healtry.HealtryApplication

Host: 13th Gen Intel(R) Core(TM) i7-1365U, 12 cores, 15G,  Windows 11 , 64 bit Build 26100 (10.0.26100.7019)
Time: Fri Nov 14 21:45:28 2025 Hora estándar romance elapsed time: 1362.557524 seconds (0d 0h 22m 42s)

---------------  T H R E A D  ---------------

Current thread (0x0000014894335280):  JavaThread "http-nio-8080-exec-5" daemon [_thread_in_Java, id=21716, stack(0x0000004582200000,0x0000004582300000) (1024K)]

Stack: [0x0000004582200000,0x0000004582300000],  sp=0x00000045822fd2b0,  free space=1012k
Native frames: (J=compiled Java code, j=interpreted, Vv=VM code, C=native code)
C  0x0000014835e66624

The last pc belongs to _linkToVirtual (printed below).

siginfo: EXCEPTION_ACCESS_VIOLATION (0xc0000005), reading address 0xffffffffffffffff


Registers:
RAX=0x0000014835e196b9, RBX=0x000000070c845000, RCX=0x00000045822fd2c0, RDX=0x0000000000000003
RSP=0x00000045822fd2b0, RBP=0x00000045822fd308, RSI=0x0000014845a56dd8, RDI=0x000001488ca82600
R8 =0x0000000000000004, R9 =0x0000000000000004, R10=0x00000148cd960273, R11=0xe1908a51e1908a41
R12=0x0000000000000000, R13=0x00000045822fd2b0, R14=0x00000045822fd330, R15=0x0000014894335280
RIP=0x0000014835e66624, EFLAGS=0x0000000000010202

XMM[0]=0x0000000000000000 0x0000000000000000
XMM[1]=0x0000000000000000 0x0000000000000000
XMM[2]=0x0000000000000000 0x0000000000000000
XMM[3]=0x0000000000000000 0x0000000000000000
XMM[4]=0x0000000000000000 0x0000000000000000
XMM[5]=0x0000000000000000 0x0000000000000000
XMM[6]=0x0000000000000000 0x000000070bc3d978
XMM[7]=0x01e1f8f5ef2a6bf1 0x2a9164c269c7bbf1
XMM[8]=0x05812e64bd69ecf1 0x7d8812681208550c
XMM[9]=0xf6273987f6273987 0xf6273987a9a530d3
XMM[10]=0x0000000000000000 0x00000000b37df74c
XMM[11]=0x529db758529db758 0x529db758fc42e82b
XMM[12]=0x0000000000000000 0x00000000a9a530d3
XMM[13]=0x0000000000000000 0x0000000000000000
XMM[14]=0x0000000000000000 0x0000000000000000
XMM[15]=0x0000000000000000 0x0000000000000000
  MXCSR=0x00001fa0


Register to memory mapping:

RAX=0x0000014835e196b9 is at code_begin+4665 in an Interpreter codelet
return entry points  [0x0000014835e18480, 0x0000014835e1a590]  8464 bytes
RBX=0x000000070c845000 is an oop: com.oscar.healtry.dto.dieta.PlanSemanalDTO 
{0x000000070c845000} - klass: 'com/oscar/healtry/dto/dieta/PlanSemanalDTO'
 - ---- fields (total size 4 words):
 - private 'id' 'Ljava/lang/Long;' @12  null (0x00000000)
 - private 'alias' 'Ljava/lang/String;' @16  "asdasd"{0x000000070c845208} (0xe1908a41)
 - private 'dias' 'Ljava/util/List;' @20  a 'java/util/ArrayList'{0x000000070c845288} (0xe1908a51)
 - private 'idNutricionista' 'Ljava/lang/Long;' @24  a 'java/lang/Long'{0x00000007055e8c80} = 2 (0xe0abd190)
RCX=0x00000045822fd2c0 is pointing into the stack for thread: 0x0000014894335280
RDX=0x0000000000000003 is an unknown value
RSP=0x00000045822fd2b0 is pointing into the stack for thread: 0x0000014894335280
RBP=0x00000045822fd308 is pointing into the stack for thread: 0x0000014894335280
RSI=0x0000014845a56dd8 points into unknown readable memory: 0x880013e134800ffe | fe 0f 80 34 e1 13 00 88
RDI=0x000001488ca82600 points into unknown readable memory: 0x0000000800000070 | 70 00 00 00 08 00 00 00
R8 =0x0000000000000004 is an unknown value
R9 =0x0000000000000004 is an unknown value
R10=0x00000148cd960273 is an unknown value
R11=0xe1908a51e1908a41 is an unknown value
R12=0x0 is null
R13=0x00000045822fd2b0 is pointing into the stack for thread: 0x0000014894335280
R14=0x00000045822fd330 is pointing into the stack for thread: 0x0000014894335280
R15=0x0000014894335280 is a thread

Top of Stack: (sp=0x00000045822fd2b0)
0x00000045822fd2b0:   0000014835e196b9 0000000709035ac8
0x00000045822fd2c0:   00000045822fd2c0 0000014887960273
0x00000045822fd2d0:   0000000000000005 00000148879603c0
0x00000045822fd2e0:   0000014887960688 0000000705c82580
0x00000045822fd2f0:   0000014887960280 00000045822fd2b0
0x00000045822fd300:   00000045822fd320 00000045822fd388
0x00000045822fd310:   0000014835e196b9 000000070bea2c48
0x00000045822fd320:   000000070c845000 0000000709035ac8
0x00000045822fd330:   000000070bea2df0 000000070bea2df0
0x00000045822fd340:   00000045822fd340 0000014887610ad4
0x00000045822fd350:   0000000000000009 0000014887610c20
0x00000045822fd360:   0000000000000000 0000000705d1fad0
0x00000045822fd370:   0000014887610ae0 00000045822fd328
0x00000045822fd380:   00000045822fd3e0 00000007096edd30
0x00000045822fd390:   00000148368579b4 000000070bea2df0
0x00000045822fd3a0:   0000000709035ac8 000000070bea2fb8
0x00000045822fd3b0:   000000070c845000 000000070bea30b0
0x00000045822fd3c0:   000000070c845000 0000000709035ac8
0x00000045822fd3d0:   000000070bea3100 0000014836856550
0x00000045822fd3e0:   0000014835e1a3f3 000000070c846650
0x00000045822fd3f0:   000000070c846618 000000070c846580
0x00000045822fd400:   0000000709035ac8 000000070c841770
0x00000045822fd410:   0000000707349340 0000000707349340
0x00000045822fd420:   000000070bea3130 00000007e1908a00
0x00000045822fd430:   000000070bea3100 0000014898306247
0x00000045822fd440:   0000000000000007 00000007096edd30
0x00000045822fd450:   0000000000000000 0000000707338578
0x00000045822fd460:   0000000709035ac8 000000070c841770
0x00000045822fd470:   000000070bea3100 00000148e1908a00
0x00000045822fd480:   0000000000000002 00000148981f59b8
0x00000045822fd490:   0000000000000000 0000000706afa4b0
0x00000045822fd4a0:   00000148980f79e8 0000014836856550 

Instructions: (pc=0x0000014835e66624)
0x0000014835e66524:   48 01 00 00 80 65 e6 35 48 01 00 00 00 76 e6 35
0x0000014835e66534:   48 01 00 00 70 65 e6 35 48 01 00 00 70 65 e6 35
0x0000014835e66544:   48 01 00 00 00 00 00 00 00 00 00 00 48 ea 61 d7
0x0000014835e66554:   f9 7f 00 00 f0 10 00 00 60 00 00 00 ff ff ff ff
0x0000014835e66564:   f0 10 00 00 00 00 00 00 00 00 00 00 00 00 00 00
0x0000014835e66574:   00 00 00 00 00 00 00 00 00 00 00 00 f4 66 66 66
0x0000014835e66584:   0f 1f 84 00 00 00 00 00 66 66 66 90 66 66 66 0f
0x0000014835e66594:   1f 84 00 00 00 00 00 66 66 66 90 90 48 8b 53 08
0x0000014835e665a4:   0f b7 52 2e 48 8b 0c d4 8b 59 14 48 c1 e3 03 8b
0x0000014835e665b4:   5b 28 48 c1 e3 03 8b 5b 24 48 c1 e3 03 48 8b 5b
0x0000014835e665c4:   10 48 85 db 0f 84 10 00 00 00 41 80 bf d8 05 00
0x0000014835e665d4:   00 00 74 03 ff 63 38 ff 63 50 e9 1d c0 fd ff 66
0x0000014835e665e4:   66 66 0f 1f 84 00 00 00 00 00 66 66 66 90 66 66
0x0000014835e665f4:   0f 1f 84 00 00 00 00 00 66 66 66 90 48 8b 53 08
0x0000014835e66604:   0f b7 52 2e 48 8b 0c d4 58 5b 50 44 8b 51 08 49
0x0000014835e66614:   bb 00 00 00 46 48 01 00 00 4d 03 d3 4c 8b 5b 10
0x0000014835e66624:   4b 8b 9c da d0 01 00 00 48 85 db 0f 84 10 00 00
0x0000014835e66634:   00 41 80 bf d8 05 00 00 00 74 03 ff 63 38 ff 63
0x0000014835e66644:   50 e9 b6 bf fd ff 66 66 66 0f 1f 84 00 00 00 00
0x0000014835e66654:   00 66 66 66 90 0f 1f 80 00 00 00 00 58 5b 50 8b
0x0000014835e66664:   5b 24 48 c1 e3 03 48 8b 5b 10 48 85 db 0f 84 10
0x0000014835e66674:   00 00 00 41 80 bf d8 05 00 00 00 74 03 ff 63 38
0x0000014835e66684:   ff 63 50 e9 74 bf fd ff 66 66 66 0f 1f 84 00 00
0x0000014835e66694:   00 00 00 66 66 66 90 0f 1f 44 00 00 48 8b 53 08
0x0000014835e666a4:   0f b7 52 2e 48 8b 0c d4 58 5b 50 48 3b 01 8b 5b
0x0000014835e666b4:   24 48 c1 e3 03 48 8b 5b 10 48 85 db 0f 84 10 00
0x0000014835e666c4:   00 00 41 80 bf d8 05 00 00 00 74 03 ff 63 38 ff
0x0000014835e666d4:   63 50 e9 25 bf fd ff 0f 1f 44 00 00 48 8b 53 08
0x0000014835e666e4:   0f b7 52 2e 48 8b 0c d4 58 5b 50 44 8b 51 08 49
0x0000014835e666f4:   bb 00 00 00 46 48 01 00 00 4d 03 d3 8b 43 18 48
0x0000014835e66704:   c1 e0 03 48 8b 40 10 48 8b 5b 10 45 8b 9a ac 00
0x0000014835e66714:   00 00 4f 8d 9c da d0 01 00 00 4d 8d 14 da 49 8b 


Stack slot to memory mapping:

stack at sp + 0 slots: 0x0000014835e196b9 is at code_begin+4665 in an Interpreter codelet
return entry points  [0x0000014835e18480, 0x0000014835e1a590]  8464 bytes
stack at sp + 1 slots: 0x0000000709035ac8 is an oop: com.oscar.healtry.controller.PlanSemanalController 
{0x0000000709035ac8} - klass: 'com/oscar/healtry/controller/PlanSemanalController'
 - ---- fields (total size 2 words):
 - private final 'planService' 'Lcom/oscar/healtry/service/PlanSemanalService;' @12  a 'com/oscar/healtry/service/impl/PlanSemanalServiceImpl$$SpringCGLIB$$0'{0x0000000709035ad8} (0xe1206b5b)
stack at sp + 2 slots: 0x00000045822fd2c0 is pointing into the stack for thread: 0x0000014894335280
stack at sp + 3 slots: 0x0000014887960273 is pointing into metadata
stack at sp + 4 slots: 0x0000000000000005 is an unknown value
stack at sp + 5 slots: 0x00000148879603c0 is pointing into metadata
stack at sp + 6 slots: 0x0000014887960688 is pointing into metadata
stack at sp + 7 slots: 0x0000000705c82580 is an oop: java.lang.Class 
{0x0000000705c82580} - klass: 'java/lang/Class'
 - ---- fields (total size 15 words):
 - private volatile transient 'classRedefinedCount' 'I' @12  0 (0x00000000)
 - injected 'klass' 'J' @16  1409941914624 (0x0000014847164400)
 - injected 'array_klass' 'J' @24  0 (0x0000000000000000)
 - injected 'oop_size' 'I' @32  15 (0x0000000f)
 - injected 'static_oop_field_count' 'I' @36  1 (0x00000001)
 - private volatile transient 'cachedConstructor' 'Ljava/lang/reflect/Constructor;' @40  null (0x00000000)
 - private transient 'name' 'Ljava/lang/String;' @44  null (0x00000000)
 - private transient 'module' 'Ljava/lang/Module;' @48  a 'java/lang/Module'{0x0000000705779c50} (0xe0aef38a)
 - private final 'classLoader' 'Ljava/lang/ClassLoader;' @52  null (0x00000000)
 - private transient 'classData' 'Ljava/lang/Object;' @56  a 'java/lang/invoke/LambdaForm'{0x0000000705d1e560} => a 'java/lang/invoke/MemberName'{0x0000000705d1e690} = {method} {0x0000014887960288} 'invokeVirtual' '(Ljava/lang/Object;Ljava/lang/Object;Ljava/lang/Object;)Ljava/lang/Object;' in 'java/lang/invoke/LambdaForm$DMH+0x0000014847164400' (0xe0ba3cac)
 - private transient 'packageName' 'Ljava/lang/String;' @60  null (0x00000000)
 - private final 'componentType' 'Ljava/lang/Class;' @64  null (0x00000000)
 - private volatile transient 'reflectionData' 'Ljava/lang/ref/SoftReference;' @68  null (0x00000000)
 - private volatile transient 'genericInfo' 'Lsun/reflect/generics/repository/ClassRepository;' @72  null (0x00000000)
 - private volatile transient 'enumConstants' '[Ljava/lang/Object;' @76  null (0x00000000)
 - private volatile transient 'enumConstantDirectory' 'Ljava/util/Map;' @80  null (0x00000000)
 - private volatile transient 'annotationData' 'Ljava/lang/Class$AnnotationData;' @84  null (0x00000000)
 - private volatile transient 'annotationType' 'Lsun/reflect/annotation/AnnotationType;' @88  null (0x00000000)
 - transient 'classValueMap' 'Ljava/lang/ClassValue$ClassValueMap;' @92  null (0x00000000)
 - injected 'protection_domain' 'Ljava/lang/Object;' @96  null (0x00000000)
 - injected 'signers_name' 'Ljava/lang/Object;' @100  null (0x00000000)
 - injected 'source_file' 'Ljava/lang/Object;' @104  null (0x00000000)
 - injected '<init_lock>' 'Ljava/lang/Object;' @108  null (0x00000000)
 - signature: Ljava/lang/invoke/LambdaForm$DMH+0x0000014847164400;
 - ---- static fields (1):
 - static final '_D_0' 'Ljava/lang/invoke/LambdaForm;' @112  a 'java/lang/invoke/LambdaForm'{0x0000000705d1e560} => a 'java/lang/invoke/MemberName'{0x0000000705d1e690} = {method} {0x0000014887960288} 'invokeVirtual' '(Ljava/lang/Object;Ljava/lang/Object;Ljava/lang/Object;)Ljava/lang/Object;' in 'java/lang/invoke/LambdaForm$DMH+0x0000014847164400' (0xe0ba3cac)

MethodHandle::interpreter_entry::_linkToVirtual [0x0000014835e665e3, 0x0000014835e6664a] (103 bytes)
[MachCode]
  0x0000014835e665e3: 6666 660f | 1f84 0000 | 0000 0066 | 6666 9066 | 660f 1f84 | 0000 0000 | 0066 6666 | 9048 8b53 
  0x0000014835e66603: 080f b752 | 2e48 8b0c | d458 5b50 | 448b 5108 | 49bb 0000 | 0046 4801 | 0000 4d03 | d34c 8b5b 
  0x0000014835e66623: 104b 8b9c | dad0 0100 | 0048 85db | 0f84 1000 | 0000 4180 | bfd8 0500 | 0000 7403 | ff63 38ff 
  0x0000014835e66643: 6350 e9b6 | 
[/MachCode]

---------------  P R O C E S S  ---------------

Threads class SMR info:
_java_thread_list=0x000001488be79a60, length=31, elements={
0x0000014845953a10, 0x0000014845956470, 0x000001484595b4d0, 0x000001484595d7c0,
0x000001484595e340, 0x000001484595fc00, 0x000001484596c160, 0x0000014845990090,
0x0000014845a56600, 0x0000014845b2d7b0, 0x0000014845c668a0, 0x0000014845c670c0,
0x0000014845d5d450, 0x00000148943303c0, 0x000001488ead2510, 0x000001488ead2ba0,
0x000001488ead38c0, 0x000001488ead3230, 0x0000014894331e00, 0x0000014894333840,
0x0000014894332b20, 0x0000014894333ed0, 0x0000014894330a50, 0x0000014894335280,
0x0000014894335910, 0x0000014894335fa0, 0x0000014894337350, 0x0000014894334560,
0x0000014894336630, 0x0000014893457460, 0x00000148934560b0
}

Java Threads: ( => current thread )
  0x0000014845953a10 JavaThread "Reference Handler"          daemon [_thread_blocked, id=16996, stack(0x00000045ffd00000,0x00000045ffe00000) (1024K)]
  0x0000014845956470 JavaThread "Finalizer"                  daemon [_thread_blocked, id=20692, stack(0x00000045ffe00000,0x00000045fff00000) (1024K)]
  0x000001484595b4d0 JavaThread "Signal Dispatcher"          daemon [_thread_blocked, id=3140, stack(0x00000045fff00000,0x0000004600000000) (1024K)]
  0x000001484595d7c0 JavaThread "Attach Listener"            daemon [_thread_blocked, id=7792, stack(0x0000004580000000,0x0000004580100000) (1024K)]
  0x000001484595e340 JavaThread "Service Thread"             daemon [_thread_blocked, id=12628, stack(0x0000004580100000,0x0000004580200000) (1024K)]
  0x000001484595fc00 JavaThread "Monitor Deflation Thread"   daemon [_thread_blocked, id=16768, stack(0x0000004580200000,0x0000004580300000) (1024K)]
  0x000001484596c160 JavaThread "C2 CompilerThread0"         daemon [_thread_blocked, id=19872, stack(0x0000004580300000,0x0000004580400000) (1024K)]
  0x0000014845990090 JavaThread "C1 CompilerThread0"         daemon [_thread_blocked, id=29556, stack(0x0000004580400000,0x0000004580500000) (1024K)]
  0x0000014845a56600 JavaThread "Common-Cleaner"             daemon [_thread_blocked, id=26656, stack(0x0000004580500000,0x0000004580600000) (1024K)]
  0x0000014845b2d7b0 JavaThread "JDWP Transport Listener: dt_socket" daemon [_thread_blocked, id=22476, stack(0x0000004580600000,0x0000004580700000) (1024K)]
  0x0000014845c668a0 JavaThread "JDWP Event Helper Thread"   daemon [_thread_blocked, id=6408, stack(0x0000004580700000,0x0000004580800000) (1024K)]
  0x0000014845c670c0 JavaThread "JDWP Command Reader"        daemon [_thread_in_native, id=23780, stack(0x0000004580800000,0x0000004580900000) (1024K)]
  0x0000014845d5d450 JavaThread "Notification Thread"        daemon [_thread_blocked, id=7188, stack(0x0000004580a00000,0x0000004580b00000) (1024K)]
  0x00000148943303c0 JavaThread "DestroyJavaVM"                     [_thread_blocked, id=24432, stack(0x00000045ff500000,0x00000045ff600000) (1024K)]
  0x000001488ead2510 JavaThread "Catalina-utility-1"                [_thread_blocked, id=23036, stack(0x0000004581a00000,0x0000004581b00000) (1024K)]
  0x000001488ead2ba0 JavaThread "Catalina-utility-2"                [_thread_blocked, id=11892, stack(0x0000004581b00000,0x0000004581c00000) (1024K)]
  0x000001488ead38c0 JavaThread "container-0"                       [_thread_blocked, id=6148, stack(0x0000004581c00000,0x0000004581d00000) (1024K)]
  0x000001488ead3230 JavaThread "HikariPool-3 housekeeper"   daemon [_thread_blocked, id=14912, stack(0x0000004581d00000,0x0000004581e00000) (1024K)]
  0x0000014894331e00 JavaThread "File Watcher"               daemon [_thread_blocked, id=24308, stack(0x0000004581200000,0x0000004581300000) (1024K)]
  0x0000014894333840 JavaThread "http-nio-8080-exec-1"       daemon [_thread_blocked, id=9288, stack(0x0000004581700000,0x0000004581800000) (1024K)]
  0x0000014894332b20 JavaThread "http-nio-8080-exec-2"       daemon [_thread_blocked, id=20660, stack(0x0000004581f00000,0x0000004582000000) (1024K)]
  0x0000014894333ed0 JavaThread "http-nio-8080-exec-3"       daemon [_thread_blocked, id=20228, stack(0x0000004582000000,0x0000004582100000) (1024K)]
  0x0000014894330a50 JavaThread "http-nio-8080-exec-4"       daemon [_thread_blocked, id=24924, stack(0x0000004582100000,0x0000004582200000) (1024K)]
=>0x0000014894335280 JavaThread "http-nio-8080-exec-5"       daemon [_thread_in_Java, id=21716, stack(0x0000004582200000,0x0000004582300000) (1024K)]
  0x0000014894335910 JavaThread "http-nio-8080-exec-6"       daemon [_thread_blocked, id=13636, stack(0x0000004582300000,0x0000004582400000) (1024K)]
  0x0000014894335fa0 JavaThread "http-nio-8080-exec-7"       daemon [_thread_blocked, id=26548, stack(0x0000004582400000,0x0000004582500000) (1024K)]
  0x0000014894337350 JavaThread "http-nio-8080-exec-8"       daemon [_thread_blocked, id=18884, stack(0x0000004582500000,0x0000004582600000) (1024K)]
  0x0000014894334560 JavaThread "http-nio-8080-exec-9"       daemon [_thread_blocked, id=15424, stack(0x0000004582600000,0x0000004582700000) (1024K)]
  0x0000014894336630 JavaThread "http-nio-8080-exec-10"      daemon [_thread_blocked, id=24284, stack(0x0000004582700000,0x0000004582800000) (1024K)]
  0x0000014893457460 JavaThread "http-nio-8080-Poller"       daemon [_thread_in_native, id=29056, stack(0x0000004582800000,0x0000004582900000) (1024K)]
  0x00000148934560b0 JavaThread "http-nio-8080-Acceptor"     daemon [_thread_in_native, id=35288, stack(0x0000004582900000,0x0000004582a00000) (1024K)]
Total: 31

Other Threads:
  0x0000014845938e20 VMThread "VM Thread"                           [id=29976, stack(0x00000045ffc00000,0x00000045ffd00000) (1024K)]
  0x0000014845924420 WatcherThread "VM Periodic Task Thread"        [id=32032, stack(0x00000045ffb00000,0x00000045ffc00000) (1024K)]
  0x000001482afb3560 WorkerThread "GC Thread#0"                     [id=17872, stack(0x00000045ff600000,0x00000045ff700000) (1024K)]
  0x000001488b8d1ad0 WorkerThread "GC Thread#1"                     [id=13712, stack(0x0000004580b00000,0x0000004580c00000) (1024K)]
  0x000001488b8d1e70 WorkerThread "GC Thread#2"                     [id=6648, stack(0x0000004580c00000,0x0000004580d00000) (1024K)]
  0x000001488b906f40 WorkerThread "GC Thread#3"                     [id=33212, stack(0x0000004580d00000,0x0000004580e00000) (1024K)]
  0x000001488b9072e0 WorkerThread "GC Thread#4"                     [id=21204, stack(0x0000004580e00000,0x0000004580f00000) (1024K)]
  0x000001488b907680 WorkerThread "GC Thread#5"                     [id=14040, stack(0x0000004580f00000,0x0000004581000000) (1024K)]
  0x000001488b9a19a0 WorkerThread "GC Thread#6"                     [id=19600, stack(0x0000004581000000,0x0000004581100000) (1024K)]
  0x000001488b9a1d40 WorkerThread "GC Thread#7"                     [id=33556, stack(0x0000004581100000,0x0000004581200000) (1024K)]
  0x000001488c17ef60 WorkerThread "GC Thread#8"                     [id=11548, stack(0x0000004581400000,0x0000004581500000) (1024K)]
  0x000001488c17ebc0 WorkerThread "GC Thread#9"                     [id=27240, stack(0x0000004581500000,0x0000004581600000) (1024K)]
  0x000001482afc4000 ConcurrentGCThread "G1 Main Marker"            [id=13124, stack(0x00000045ff700000,0x00000045ff800000) (1024K)]
  0x000001482afc4b00 WorkerThread "G1 Conc#0"                       [id=15236, stack(0x00000045ff800000,0x00000045ff900000) (1024K)]
  0x000001488c17e0e0 WorkerThread "G1 Conc#1"                       [id=4536, stack(0x0000004581800000,0x0000004581900000) (1024K)]
  0x000001488c17e480 WorkerThread "G1 Conc#2"                       [id=11816, stack(0x0000004581900000,0x0000004581a00000) (1024K)]
  0x00000148457f22a0 ConcurrentGCThread "G1 Refine#0"               [id=17700, stack(0x00000045ff900000,0x00000045ffa00000) (1024K)]
  0x00000148457f2e10 ConcurrentGCThread "G1 Service"                [id=8168, stack(0x00000045ffa00000,0x00000045ffb00000) (1024K)]
Total: 18

Threads with active compile tasks:
Total: 0

VM state: not at safepoint (normal execution)

VM Mutex/Monitor currently owned by a thread: None

Heap address: 0x0000000705400000, size: 4012 MB, Compressed Oops mode: Zero based, Oop shift amount: 3

CDS archive(s) mapped at: [0x0000014846000000-0x0000014846c80000-0x0000014846c80000), size 13107200, SharedBaseAddress: 0x0000014846000000, ArchiveRelocationMode: 1.
Compressed class space mapped at: 0x0000014847000000-0x0000014887000000, reserved size: 1073741824
Narrow klass base: 0x0000014846000000, Narrow klass shift: 0, Narrow klass range: 0x100000000

GC Precious Log:
 CardTable entry size: 512
 Card Set container configuration: InlinePtr #cards 4 size 8 Array Of Cards #cards 16 size 48 Howl #buckets 8 coarsen threshold 3686 Howl Bitmap #cards 512 size 80 coarsen threshold 460 Card regions per heap region 1 cards per card region 4096
 CPUs: 12 total, 12 available
 Memory: 16041M
 Large Page Support: Disabled
 NUMA Support: Disabled
 Compressed Oops: Enabled (Zero based)
 Heap Region Size: 2M
 Heap Min Capacity: 8M
 Heap Initial Capacity: 252M
 Heap Max Capacity: 4012M
 Pre-touch: Disabled
 Parallel Workers: 10
 Concurrent Workers: 3
 Concurrent Refinement Workers: 10
 Periodic GC: Disabled

Heap:
 garbage-first heap   total 122880K, used 72967K [0x0000000705400000, 0x0000000800000000)
  region size 2048K, 13 young (26624K), 3 survivors (6144K)
 Metaspace       used 96526K, committed 97600K, reserved 1179648K
  class space    used 12472K, committed 12992K, reserved 1048576K

Heap Regions: E=young(eden), S=young(survivor), O=old, HS=humongous(starts), HC=humongous(continues), CS=collection set, F=free, TAMS=top-at-mark-start, PB=parsable bottom
|   0|0x0000000705400000, 0x0000000705600000, 0x0000000705600000|100%| O|  |TAMS 0x0000000705400000| PB 0x0000000705400000| Untracked 
|   1|0x0000000705600000, 0x00000007057faeb0, 0x0000000705800000| 99%| O|  |TAMS 0x0000000705600000| PB 0x0000000705600000| Untracked 
|   2|0x0000000705800000, 0x0000000705a00000, 0x0000000705a00000|100%| O|  |TAMS 0x0000000705800000| PB 0x0000000705800000| Untracked 
|   3|0x0000000705a00000, 0x0000000705bffff8, 0x0000000705c00000| 99%| O|  |TAMS 0x0000000705a00000| PB 0x0000000705a00000| Untracked 
|   4|0x0000000705c00000, 0x0000000705e00000, 0x0000000705e00000|100%| O|  |TAMS 0x0000000705c00000| PB 0x0000000705c00000| Untracked 
|   5|0x0000000705e00000, 0x0000000705fffff0, 0x0000000706000000| 99%| O|  |TAMS 0x0000000705e00000| PB 0x0000000705e00000| Untracked 
|   6|0x0000000706000000, 0x00000007061fffb0, 0x0000000706200000| 99%| O|  |TAMS 0x0000000706000000| PB 0x0000000706000000| Untracked 
|   7|0x0000000706200000, 0x00000007063ffff8, 0x0000000706400000| 99%| O|  |TAMS 0x0000000706200000| PB 0x0000000706200000| Untracked 
|   8|0x0000000706400000, 0x00000007065fffa8, 0x0000000706600000| 99%| O|  |TAMS 0x0000000706400000| PB 0x0000000706400000| Untracked 
|   9|0x0000000706600000, 0x00000007067ffff8, 0x0000000706800000| 99%| O|  |TAMS 0x0000000706600000| PB 0x0000000706600000| Untracked 
|  10|0x0000000706800000, 0x00000007069ffff8, 0x0000000706a00000| 99%| O|  |TAMS 0x0000000706800000| PB 0x0000000706800000| Untracked 
|  11|0x0000000706a00000, 0x0000000706bffff0, 0x0000000706c00000| 99%| O|  |TAMS 0x0000000706a00000| PB 0x0000000706a00000| Untracked 
|  12|0x0000000706c00000, 0x0000000706e00000, 0x0000000706e00000|100%| O|  |TAMS 0x0000000706c00000| PB 0x0000000706c00000| Untracked 
|  13|0x0000000706e00000, 0x0000000706ffffe8, 0x0000000707000000| 99%| O|  |TAMS 0x0000000706e00000| PB 0x0000000706e00000| Untracked 
|  14|0x0000000707000000, 0x00000007071fffb0, 0x0000000707200000| 99%| O|  |TAMS 0x0000000707000000| PB 0x0000000707000000| Untracked 
|  15|0x0000000707200000, 0x00000007073fffe0, 0x0000000707400000| 99%| O|  |TAMS 0x0000000707200000| PB 0x0000000707200000| Untracked 
|  16|0x0000000707400000, 0x00000007075fbbb8, 0x0000000707600000| 99%| O|  |TAMS 0x0000000707400000| PB 0x0000000707400000| Untracked 
|  17|0x0000000707600000, 0x00000007076f7be0, 0x0000000707800000| 48%| O|  |TAMS 0x0000000707600000| PB 0x0000000707600000| Untracked 
|  18|0x0000000707800000, 0x00000007079fffa8, 0x0000000707a00000| 99%| O|  |TAMS 0x0000000707800000| PB 0x0000000707800000| Untracked 
|  19|0x0000000707a00000, 0x0000000707a99d70, 0x0000000707c00000| 30%| O|  |TAMS 0x0000000707a00000| PB 0x0000000707a00000| Untracked 
|  20|0x0000000707c00000, 0x0000000707dc20b8, 0x0000000707e00000| 87%| O|  |TAMS 0x0000000707c00000| PB 0x0000000707c00000| Untracked 
|  21|0x0000000707e00000, 0x0000000708000000, 0x0000000708000000|100%| O|  |TAMS 0x0000000707e00000| PB 0x0000000707e00000| Untracked 
|  22|0x0000000708000000, 0x0000000708093498, 0x0000000708200000| 28%| O|  |TAMS 0x0000000708000000| PB 0x0000000708000000| Untracked 
|  23|0x0000000708200000, 0x00000007082836d0, 0x0000000708400000| 25%| O|Cm|TAMS 0x0000000708200000| PB 0x0000000708200000| Complete 
|  24|0x0000000708400000, 0x0000000708400000, 0x0000000708600000|  0%| F|  |TAMS 0x0000000708400000| PB 0x0000000708400000| Untracked 
|  25|0x0000000708600000, 0x0000000708600000, 0x0000000708800000|  0%| F|  |TAMS 0x0000000708600000| PB 0x0000000708600000| Untracked 
|  26|0x0000000708800000, 0x0000000708a00000, 0x0000000708a00000|100%| O|  |TAMS 0x0000000708800000| PB 0x0000000708800000| Untracked 
|  27|0x0000000708a00000, 0x0000000708c00000, 0x0000000708c00000|100%| O|  |TAMS 0x0000000708a00000| PB 0x0000000708a00000| Untracked 
|  28|0x0000000708c00000, 0x0000000708e00000, 0x0000000708e00000|100%| O|  |TAMS 0x0000000708c00000| PB 0x0000000708c00000| Untracked 
|  29|0x0000000708e00000, 0x0000000708e00000, 0x0000000709000000|  0%| F|  |TAMS 0x0000000708e00000| PB 0x0000000708e00000| Untracked 
|  30|0x0000000709000000, 0x00000007090e1050, 0x0000000709200000| 43%| S|CS|TAMS 0x0000000709000000| PB 0x0000000709000000| Complete 
|  31|0x0000000709200000, 0x0000000709400000, 0x0000000709400000|100%| S|CS|TAMS 0x0000000709200000| PB 0x0000000709200000| Complete 
|  32|0x0000000709400000, 0x0000000709400000, 0x0000000709600000|  0%| F|  |TAMS 0x0000000709400000| PB 0x0000000709400000| Untracked 
|  33|0x0000000709600000, 0x0000000709800000, 0x0000000709800000|100%| S|CS|TAMS 0x0000000709600000| PB 0x0000000709600000| Complete 
|  34|0x0000000709800000, 0x0000000709800000, 0x0000000709a00000|  0%| F|  |TAMS 0x0000000709800000| PB 0x0000000709800000| Untracked 
|  35|0x0000000709a00000, 0x0000000709a00000, 0x0000000709c00000|  0%| F|  |TAMS 0x0000000709a00000| PB 0x0000000709a00000| Untracked 
|  36|0x0000000709c00000, 0x0000000709c00000, 0x0000000709e00000|  0%| F|  |TAMS 0x0000000709c00000| PB 0x0000000709c00000| Untracked 
|  37|0x0000000709e00000, 0x0000000709e00000, 0x000000070a000000|  0%| F|  |TAMS 0x0000000709e00000| PB 0x0000000709e00000| Untracked 
|  38|0x000000070a000000, 0x000000070a000000, 0x000000070a200000|  0%| F|  |TAMS 0x000000070a000000| PB 0x000000070a000000| Untracked 
|  39|0x000000070a200000, 0x000000070a200000, 0x000000070a400000|  0%| F|  |TAMS 0x000000070a200000| PB 0x000000070a200000| Untracked 
|  40|0x000000070a400000, 0x000000070a400000, 0x000000070a600000|  0%| F|  |TAMS 0x000000070a400000| PB 0x000000070a400000| Untracked 
|  41|0x000000070a600000, 0x000000070a600000, 0x000000070a800000|  0%| F|  |TAMS 0x000000070a600000| PB 0x000000070a600000| Untracked 
|  42|0x000000070a800000, 0x000000070a800000, 0x000000070aa00000|  0%| F|  |TAMS 0x000000070a800000| PB 0x000000070a800000| Untracked 
|  43|0x000000070aa00000, 0x000000070aa00000, 0x000000070ac00000|  0%| F|  |TAMS 0x000000070aa00000| PB 0x000000070aa00000| Untracked 
|  44|0x000000070ac00000, 0x000000070ac00000, 0x000000070ae00000|  0%| F|  |TAMS 0x000000070ac00000| PB 0x000000070ac00000| Untracked 
|  45|0x000000070ae00000, 0x000000070ae00000, 0x000000070b000000|  0%| F|  |TAMS 0x000000070ae00000| PB 0x000000070ae00000| Untracked 
|  46|0x000000070b000000, 0x000000070b000000, 0x000000070b200000|  0%| F|  |TAMS 0x000000070b000000| PB 0x000000070b000000| Untracked 
|  47|0x000000070b200000, 0x000000070b200000, 0x000000070b400000|  0%| F|  |TAMS 0x000000070b200000| PB 0x000000070b200000| Untracked 
|  48|0x000000070b400000, 0x000000070b400000, 0x000000070b600000|  0%| F|  |TAMS 0x000000070b400000| PB 0x000000070b400000| Untracked 
|  49|0x000000070b600000, 0x000000070b600000, 0x000000070b800000|  0%| F|  |TAMS 0x000000070b600000| PB 0x000000070b600000| Untracked 
|  50|0x000000070b800000, 0x000000070b987bd8, 0x000000070ba00000| 76%| E|  |TAMS 0x000000070b800000| PB 0x000000070b800000| Complete 
|  51|0x000000070ba00000, 0x000000070bc00000, 0x000000070bc00000|100%| E|CS|TAMS 0x000000070ba00000| PB 0x000000070ba00000| Complete 
|  52|0x000000070bc00000, 0x000000070be00000, 0x000000070be00000|100%| E|CS|TAMS 0x000000070bc00000| PB 0x000000070bc00000| Complete 
|  53|0x000000070be00000, 0x000000070c000000, 0x000000070c000000|100%| E|CS|TAMS 0x000000070be00000| PB 0x000000070be00000| Complete 
|  54|0x000000070c000000, 0x000000070c200000, 0x000000070c200000|100%| E|CS|TAMS 0x000000070c000000| PB 0x000000070c000000| Complete 
|  55|0x000000070c200000, 0x000000070c400000, 0x000000070c400000|100%| E|CS|TAMS 0x000000070c200000| PB 0x000000070c200000| Complete 
|  56|0x000000070c400000, 0x000000070c600000, 0x000000070c600000|100%| E|CS|TAMS 0x000000070c400000| PB 0x000000070c400000| Complete 
|  57|0x000000070c600000, 0x000000070c800000, 0x000000070c800000|100%| E|CS|TAMS 0x000000070c600000| PB 0x000000070c600000| Complete 
|  58|0x000000070c800000, 0x000000070ca00000, 0x000000070ca00000|100%| E|CS|TAMS 0x000000070c800000| PB 0x000000070c800000| Complete 
| 125|0x0000000714e00000, 0x0000000715000000, 0x0000000715000000|100%| E|CS|TAMS 0x0000000714e00000| PB 0x0000000714e00000| Complete 

Card table byte_map: [0x000001483e620000,0x000001483ee00000] _byte_map_base: 0x000001483adf6000

Marking Bits: (CMBitMap*) 0x000001482afb3c60
 Bits: [0x000001483ee00000, 0x0000014842cb0000)

Polling page: 0x0000014828cc0000

Metaspace:

Usage:
  Non-class:     82.08 MB used.
      Class:     12.18 MB used.
       Both:     94.26 MB used.

Virtual space:
  Non-class space:      128.00 MB reserved,      82.62 MB ( 65%) committed,  2 nodes.
      Class space:        1.00 GB reserved,      12.69 MB (  1%) committed,  1 nodes.
             Both:        1.12 GB reserved,      95.31 MB (  8%) committed. 

Chunk freelists:
   Non-Class:  12.79 MB
       Class:  3.30 MB
        Both:  16.09 MB

MaxMetaspaceSize: unlimited
CompressedClassSpaceSize: 1.00 GB
Initial GC threshold: 21.00 MB
Current GC threshold: 158.25 MB
CDS: on
 - commit_granule_bytes: 65536.
 - commit_granule_words: 8192.
 - virtual_space_node_default_size: 8388608.
 - enlarge_chunks_in_place: 1.
 - use_allocation_guard: 0.


Internal statistics:

num_allocs_failed_limit: 11.
num_arena_births: 1638.
num_arena_deaths: 44.
num_vsnodes_births: 3.
num_vsnodes_deaths: 0.
num_space_committed: 1525.
num_space_uncommitted: 0.
num_chunks_returned_to_freelist: 77.
num_chunks_taken_from_freelist: 5501.
num_chunk_merges: 22.
num_chunk_splits: 3726.
num_chunks_enlarged: 2706.
num_inconsistent_stats: 0.

CodeHeap 'non-profiled nmethods': size=120000Kb used=9267Kb max_used=9302Kb free=110732Kb
 bounds [0x00000148363b0000, 0x0000014836ce0000, 0x000001483d8e0000]
CodeHeap 'profiled nmethods': size=120000Kb used=20709Kb max_used=21356Kb free=99290Kb
 bounds [0x000001482e8e0000, 0x000001482fdc0000, 0x0000014835e10000]
CodeHeap 'non-nmethods': size=5760Kb used=1845Kb max_used=1914Kb free=3914Kb
 bounds [0x0000014835e10000, 0x0000014836080000, 0x00000148363b0000]
CodeCache: size=245760Kb, used=31821Kb, max_used=32572Kb, free=213936Kb
 total_blobs=10991, nmethods=10204, adapters=690, full_count=0
Compilation: enabled, stopped_count=0, restarted_count=0

Compilation events (20 events):
Event: 1330.443 Thread 0x0000014845990090 nmethod 15037 0x000001482f452590 code [0x000001482f452880, 0x000001482f453928]
Event: 1330.443 Thread 0x0000014845990090 15038       3       org.hibernate.engine.spi.CollectionEntry::getOrphans (29 bytes)
Event: 1330.443 Thread 0x0000014845990090 nmethod 15038 0x000001482f2e9210 code [0x000001482f2e93e0, 0x000001482f2e96a8]
Event: 1330.444 Thread 0x0000014845990090 15034       3       io.micrometer.core.instrument.Tags::equals (37 bytes)
Event: 1330.444 Thread 0x0000014845990090 nmethod 15034 0x000001482ef90c90 code [0x000001482ef90e60, 0x000001482ef911e0]
Event: 1330.525 Thread 0x000001484596c160 nmethod 15024 0x00000148368abb10 code [0x00000148368ac000, 0x00000148368adc30]
Event: 1339.454 Thread 0x000001484596c160 15039       4       java.lang.Thread::interrupted (7 bytes)
Event: 1339.456 Thread 0x000001484596c160 nmethod 15039 0x0000014836a7c810 code [0x0000014836a7c9a0, 0x0000014836a7ca60]
Event: 1341.060 Thread 0x000001484596c160 15040   !   4       java.util.AbstractSet::equals (45 bytes)
Event: 1341.061 Thread 0x000001484596c160 nmethod 15040 0x0000014836aa7f90 code [0x0000014836aa8140, 0x0000014836aa83b0]
Event: 1341.065 Thread 0x0000014845990090 15041       3       sun.invoke.util.Wrapper::convert (169 bytes)
Event: 1341.065 Thread 0x0000014845990090 nmethod 15041 0x000001482f23b890 code [0x000001482f23bc40, 0x000001482f23ceb8]
Event: 1341.066 Thread 0x0000014845990090 15042       3       java.lang.invoke.BoundMethodHandle$Species_LLL::speciesData (4 bytes)
Event: 1341.066 Thread 0x0000014845990090 nmethod 15042 0x000001482eeb3d10 code [0x000001482eeb3ea0, 0x000001482eeb3fb8]
Event: 1343.196 Thread 0x0000014845990090 15043       1       com.oscar.healtry.dto.dieta.ComidaDTO::getNombre (5 bytes)
Event: 1343.196 Thread 0x0000014845990090 nmethod 15043 0x0000014836a7c510 code [0x0000014836a7c6a0, 0x0000014836a7c770]
Event: 1343.196 Thread 0x0000014845990090 15044       1       com.oscar.healtry.dto.dieta.ComidaDTO::getAlimentos (5 bytes)
Event: 1343.196 Thread 0x0000014845990090 nmethod 15044 0x00000148369e5d10 code [0x00000148369e5ea0, 0x00000148369e5f70]
Event: 1359.382 Thread 0x0000014845990090 15045       1       com.zaxxer.hikari.HikariConfig::getMaximumPoolSize (5 bytes)
Event: 1359.382 Thread 0x0000014845990090 nmethod 15045 0x00000148369e5990 code [0x00000148369e5b20, 0x00000148369e5be8]

GC Heap History (20 events):
Event: 242.145 GC heap before
{Heap before GC invocations=28 (full 1):
 garbage-first heap   total 122880K, used 104404K [0x0000000705400000, 0x0000000800000000)
  region size 2048K, 32 young (65536K), 2 survivors (4096K)
 Metaspace       used 87724K, committed 88704K, reserved 1179648K
  class space    used 11555K, committed 12032K, reserved 1048576K
}
Event: 242.149 GC heap after
{Heap after GC invocations=29 (full 1):
 garbage-first heap   total 122880K, used 45845K [0x0000000705400000, 0x0000000800000000)
  region size 2048K, 3 young (6144K), 3 survivors (6144K)
 Metaspace       used 87724K, committed 88704K, reserved 1179648K
  class space    used 11555K, committed 12032K, reserved 1048576K
}
Event: 247.290 GC heap before
{Heap before GC invocations=29 (full 1):
 garbage-first heap   total 122880K, used 105237K [0x0000000705400000, 0x0000000800000000)
  region size 2048K, 32 young (65536K), 3 survivors (6144K)
 Metaspace       used 89111K, committed 89984K, reserved 1179648K
  class space    used 11743K, committed 12160K, reserved 1048576K
}
Event: 247.300 GC heap after
{Heap after GC invocations=30 (full 1):
 garbage-first heap   total 122880K, used 46318K [0x0000000705400000, 0x0000000800000000)
  region size 2048K, 2 young (4096K), 2 survivors (4096K)
 Metaspace       used 89111K, committed 89984K, reserved 1179648K
  class space    used 11743K, committed 12160K, reserved 1048576K
}
Event: 459.852 GC heap before
{Heap before GC invocations=30 (full 1):
 garbage-first heap   total 122880K, used 103662K [0x0000000705400000, 0x0000000800000000)
  region size 2048K, 31 young (63488K), 2 survivors (4096K)
 Metaspace       used 91966K, committed 92992K, reserved 1179648K
  class space    used 12135K, committed 12608K, reserved 1048576K
}
Event: 459.862 GC heap after
{Heap after GC invocations=31 (full 1):
 garbage-first heap   total 122880K, used 46882K [0x0000000705400000, 0x0000000800000000)
  region size 2048K, 3 young (6144K), 3 survivors (6144K)
 Metaspace       used 91966K, committed 92992K, reserved 1179648K
  class space    used 12135K, committed 12608K, reserved 1048576K
}
Event: 816.278 GC heap before
{Heap before GC invocations=32 (full 1):
 garbage-first heap   total 122880K, used 102178K [0x0000000705400000, 0x0000000800000000)
  region size 2048K, 30 young (61440K), 3 survivors (6144K)
 Metaspace       used 92282K, committed 93248K, reserved 1179648K
  class space    used 12148K, committed 12608K, reserved 1048576K
}
Event: 816.292 GC heap after
{Heap after GC invocations=33 (full 1):
 garbage-first heap   total 122880K, used 46364K [0x0000000705400000, 0x0000000800000000)
  region size 2048K, 2 young (4096K), 2 survivors (4096K)
 Metaspace       used 92282K, committed 93248K, reserved 1179648K
  class space    used 12148K, committed 12608K, reserved 1048576K
}
Event: 1130.759 GC heap before
{Heap before GC invocations=33 (full 1):
 garbage-first heap   total 122880K, used 103708K [0x0000000705400000, 0x0000000800000000)
  region size 2048K, 31 young (63488K), 2 survivors (4096K)
 Metaspace       used 93529K, committed 94528K, reserved 1179648K
  class space    used 12289K, committed 12736K, reserved 1048576K
}
Event: 1130.766 GC heap after
{Heap after GC invocations=34 (full 1):
 garbage-first heap   total 122880K, used 47092K [0x0000000705400000, 0x0000000800000000)
  region size 2048K, 3 young (6144K), 3 survivors (6144K)
 Metaspace       used 93529K, committed 94528K, reserved 1179648K
  class space    used 12289K, committed 12736K, reserved 1048576K
}
Event: 1296.616 GC heap before
{Heap before GC invocations=34 (full 1):
 garbage-first heap   total 122880K, used 81908K [0x0000000705400000, 0x0000000800000000)
  region size 2048K, 21 young (43008K), 3 survivors (6144K)
 Metaspace       used 94233K, committed 95232K, reserved 1179648K
  class space    used 12321K, committed 12800K, reserved 1048576K
}
Event: 1296.732 GC heap after
{Heap after GC invocations=35 (full 2):
 garbage-first heap   total 122880K, used 41076K [0x0000000705400000, 0x0000000800000000)
  region size 2048K, 0 young (0K), 0 survivors (0K)
 Metaspace       used 94196K, committed 95232K, reserved 1179648K
  class space    used 12315K, committed 12800K, reserved 1048576K
}
Event: 1298.848 GC heap before
{Heap before GC invocations=35 (full 2):
 garbage-first heap   total 122880K, used 108660K [0x0000000705400000, 0x0000000800000000)
  region size 2048K, 34 young (69632K), 0 survivors (0K)
 Metaspace       used 94683K, committed 95744K, reserved 1179648K
  class space    used 12353K, committed 12864K, reserved 1048576K
}
Event: 1298.857 GC heap after
{Heap after GC invocations=36 (full 2):
 garbage-first heap   total 122880K, used 46931K [0x0000000705400000, 0x0000000800000000)
  region size 2048K, 3 young (6144K), 3 survivors (6144K)
 Metaspace       used 94683K, committed 95744K, reserved 1179648K
  class space    used 12353K, committed 12864K, reserved 1048576K
}
Event: 1299.905 GC heap before
{Heap before GC invocations=37 (full 2):
 garbage-first heap   total 122880K, used 104275K [0x0000000705400000, 0x0000000800000000)
  region size 2048K, 31 young (63488K), 3 survivors (6144K)
 Metaspace       used 95160K, committed 96128K, reserved 1179648K
  class space    used 12393K, committed 12864K, reserved 1048576K
}
Event: 1299.911 GC heap after
{Heap after GC invocations=38 (full 2):
 garbage-first heap   total 122880K, used 49707K [0x0000000705400000, 0x0000000800000000)
  region size 2048K, 2 young (4096K), 2 survivors (4096K)
 Metaspace       used 95160K, committed 96128K, reserved 1179648K
  class space    used 12393K, committed 12864K, reserved 1048576K
}
Event: 1300.676 GC heap before
{Heap before GC invocations=38 (full 2):
 garbage-first heap   total 122880K, used 105003K [0x0000000705400000, 0x0000000800000000)
  region size 2048K, 29 young (59392K), 2 survivors (4096K)
 Metaspace       used 95945K, committed 97024K, reserved 1179648K
  class space    used 12437K, committed 12928K, reserved 1048576K
}
Event: 1300.685 GC heap after
{Heap after GC invocations=39 (full 2):
 garbage-first heap   total 122880K, used 52336K [0x0000000705400000, 0x0000000800000000)
  region size 2048K, 3 young (6144K), 3 survivors (6144K)
 Metaspace       used 95945K, committed 97024K, reserved 1179648K
  class space    used 12437K, committed 12928K, reserved 1048576K
}
Event: 1301.413 GC heap before
{Heap before GC invocations=39 (full 2):
 garbage-first heap   total 122880K, used 105584K [0x0000000705400000, 0x0000000800000000)
  region size 2048K, 29 young (59392K), 3 survivors (6144K)
 Metaspace       used 96135K, committed 97152K, reserved 1179648K
  class space    used 12446K, committed 12928K, reserved 1048576K
}
Event: 1301.422 GC heap after
{Heap after GC invocations=40 (full 2):
 garbage-first heap   total 122880K, used 54535K [0x0000000705400000, 0x0000000800000000)
  region size 2048K, 3 young (6144K), 3 survivors (6144K)
 Metaspace       used 96135K, committed 97152K, reserved 1179648K
  class space    used 12446K, committed 12928K, reserved 1048576K
}

Dll operation events (12 events):
Event: 0.010 Loaded shared library C:\Users\Oscgom\.p2\pool\plugins\org.eclipse.justj.openjdk.hotspot.jre.full.win32.x86_64_21.0.8.v20250724-1412\jre\bin\java.dll
Event: 0.035 Loaded shared library C:\Users\Oscgom\.p2\pool\plugins\org.eclipse.justj.openjdk.hotspot.jre.full.win32.x86_64_21.0.8.v20250724-1412\jre\bin\zip.dll
Event: 0.206 Loaded shared library C:\Users\Oscgom\.p2\pool\plugins\org.eclipse.justj.openjdk.hotspot.jre.full.win32.x86_64_21.0.8.v20250724-1412\jre\bin\instrument.dll
Event: 0.211 Loaded shared library C:\Users\Oscgom\.p2\pool\plugins\org.eclipse.justj.openjdk.hotspot.jre.full.win32.x86_64_21.0.8.v20250724-1412\jre\bin\net.dll
Event: 0.212 Loaded shared library C:\Users\Oscgom\.p2\pool\plugins\org.eclipse.justj.openjdk.hotspot.jre.full.win32.x86_64_21.0.8.v20250724-1412\jre\bin\nio.dll
Event: 0.215 Loaded shared library C:\Users\Oscgom\.p2\pool\plugins\org.eclipse.justj.openjdk.hotspot.jre.full.win32.x86_64_21.0.8.v20250724-1412\jre\bin\zip.dll
Event: 0.350 Loaded shared library C:\Users\Oscgom\.p2\pool\plugins\org.eclipse.justj.openjdk.hotspot.jre.full.win32.x86_64_21.0.8.v20250724-1412\jre\bin\jimage.dll
Event: 0.395 Loaded shared library C:\Users\Oscgom\.p2\pool\plugins\org.eclipse.justj.openjdk.hotspot.jre.full.win32.x86_64_21.0.8.v20250724-1412\jre\bin\verify.dll
Event: 0.775 Loaded shared library C:\Users\Oscgom\.p2\pool\plugins\org.eclipse.justj.openjdk.hotspot.jre.full.win32.x86_64_21.0.8.v20250724-1412\jre\bin\management.dll
Event: 0.778 Loaded shared library C:\Users\Oscgom\.p2\pool\plugins\org.eclipse.justj.openjdk.hotspot.jre.full.win32.x86_64_21.0.8.v20250724-1412\jre\bin\management_ext.dll
Event: 3.210 Loaded shared library C:\Users\Oscgom\.p2\pool\plugins\org.eclipse.justj.openjdk.hotspot.jre.full.win32.x86_64_21.0.8.v20250724-1412\jre\bin\sunmscapi.dll
Event: 8.162 Loaded shared library C:\Users\Oscgom\.p2\pool\plugins\org.eclipse.justj.openjdk.hotspot.jre.full.win32.x86_64_21.0.8.v20250724-1412\jre\bin\extnet.dll

Deoptimization events (20 events):
Event: 1327.357 Thread 0x0000014894335fa0 Uncommon trap: trap_request=0xffffffde fr.pc=0x00000148367f33f4 relative=0x00000000000010b4
Event: 1327.357 Thread 0x0000014894335fa0 Uncommon trap: reason=class_check action=maybe_recompile pc=0x00000148367f33f4 method=org.springframework.core.annotation.AnnotatedElementUtils.findMergedAnnotation(Ljava/lang/reflect/AnnotatedElement;Ljava/lang/Class;)Ljava/lang/annotation/Annotation; @ 
Event: 1327.357 Thread 0x0000014894335fa0 DEOPT PACKING pc=0x00000148367f33f4 sp=0x00000045824fd620
Event: 1327.357 Thread 0x0000014894335fa0 DEOPT UNPACKING pc=0x0000014835e646a2 sp=0x00000045824fd658 mode 2
Event: 1327.357 Thread 0x0000014894335fa0 DEOPT PACKING pc=0x000001482fd95d74 sp=0x00000045824fe000
Event: 1327.357 Thread 0x0000014894335fa0 DEOPT UNPACKING pc=0x0000014835e64e42 sp=0x00000045824fd4a8 mode 1
Event: 1327.357 Thread 0x0000014894335fa0 DEOPT PACKING pc=0x000001482fd95d74 sp=0x00000045824fe1d0
Event: 1327.357 Thread 0x0000014894335fa0 DEOPT UNPACKING pc=0x0000014835e64e42 sp=0x00000045824fd678 mode 1
Event: 1327.357 Thread 0x0000014894335fa0 DEOPT PACKING pc=0x000001482fd95d74 sp=0x00000045824fe420
Event: 1327.357 Thread 0x0000014894335fa0 DEOPT UNPACKING pc=0x0000014835e64e42 sp=0x00000045824fd8c8 mode 1
Event: 1327.357 Thread 0x0000014894335fa0 DEOPT PACKING pc=0x000001482fd95d74 sp=0x00000045824fe670
Event: 1327.357 Thread 0x0000014894335fa0 DEOPT UNPACKING pc=0x0000014835e64e42 sp=0x00000045824fdb18 mode 1
Event: 1327.358 Thread 0x0000014894335fa0 DEOPT PACKING pc=0x000001482fd95d74 sp=0x00000045824fe8e0
Event: 1327.358 Thread 0x0000014894335fa0 DEOPT UNPACKING pc=0x0000014835e64e42 sp=0x00000045824fdd88 mode 1
Event: 1327.358 Thread 0x0000014894335fa0 DEOPT PACKING pc=0x000001482fd95d74 sp=0x00000045824feb30
Event: 1327.358 Thread 0x0000014894335fa0 DEOPT UNPACKING pc=0x0000014835e64e42 sp=0x00000045824fdfd8 mode 1
Event: 1330.410 Thread 0x0000014894335280 DEOPT PACKING pc=0x000001482fbb4f25 sp=0x00000045822f9560
Event: 1330.410 Thread 0x0000014894335280 DEOPT UNPACKING pc=0x0000014835e64e42 sp=0x00000045822f8ac0 mode 0
Event: 1362.475 Thread 0x0000014894335280 DEOPT PACKING pc=0x000001482fc228ec sp=0x00000045822fd2b0
Event: 1362.475 Thread 0x0000014894335280 DEOPT UNPACKING pc=0x0000014835e64e42 sp=0x00000045822fc770 mode 0

Classes loaded (20 events):
Event: 240.133 Loading class java/util/concurrent/locks/AbstractQueuedSynchronizer$SharedNode
Event: 240.133 Loading class java/util/concurrent/locks/AbstractQueuedSynchronizer$SharedNode done
Event: 240.149 Loading class javax/management/NotificationBroadcasterSupport$WildcardListenerInfo
Event: 240.149 Loading class javax/management/NotificationBroadcasterSupport$WildcardListenerInfo done
Event: 240.222 Loading class java/lang/ref/Finalizer$2
Event: 240.222 Loading class java/lang/ref/Finalizer$2 done
Event: 240.223 Loading class java/lang/ref/Finalizer$1
Event: 240.223 Loading class java/lang/ref/Finalizer$1 done
Event: 240.260 Loading class java/io/FileOutputStream$1
Event: 240.260 Loading class java/io/FileOutputStream$1 done
Event: 247.343 Loading class java/math/MathContext
Event: 247.344 Loading class java/math/MathContext done
Event: 289.803 Loading class org/w3c/dom/Node
Event: 289.803 Loading class org/w3c/dom/Node done
Event: 289.803 Loading class org/w3c/dom/Document
Event: 289.804 Loading class org/w3c/dom/Document done
Event: 289.847 Loading class java/math/BigDecimal$StringBuilderHelper
Event: 289.847 Loading class java/math/BigDecimal$StringBuilderHelper done
Event: 1083.403 Loading class java/util/concurrent/locks/ReentrantReadWriteLock$Sync$HoldCounter
Event: 1083.403 Loading class java/util/concurrent/locks/ReentrantReadWriteLock$Sync$HoldCounter done

Classes unloaded (20 events):
Event: 240.181 Thread 0x0000014845938e20 Unloading class 0x0000014847a01c00 'jdk/internal/reflect/GeneratedSerializationConstructorAccessor9'
Event: 240.181 Thread 0x0000014845938e20 Unloading class 0x0000014847a01800 'jdk/internal/reflect/GeneratedSerializationConstructorAccessor8'
Event: 240.181 Thread 0x0000014845938e20 Unloading class 0x0000014847a01400 'jdk/internal/reflect/GeneratedSerializationConstructorAccessor7'
Event: 240.181 Thread 0x0000014845938e20 Unloading class 0x0000014847a01000 'jdk/internal/reflect/GeneratedSerializationConstructorAccessor6'
Event: 240.181 Thread 0x0000014845938e20 Unloading class 0x0000014847a00c00 'jdk/internal/reflect/GeneratedSerializationConstructorAccessor5'
Event: 240.181 Thread 0x0000014845938e20 Unloading class 0x0000014847a00800 'jdk/internal/reflect/GeneratedSerializationConstructorAccessor4'
Event: 240.181 Thread 0x0000014845938e20 Unloading class 0x0000014847a00400 'jdk/internal/reflect/GeneratedSerializationConstructorAccessor3'
Event: 240.181 Thread 0x0000014845938e20 Unloading class 0x0000014847a00000 'jdk/internal/reflect/GeneratedSerializationConstructorAccessor2'
Event: 240.181 Thread 0x0000014845938e20 Unloading class 0x00000148479d4800 'jdk/internal/reflect/GeneratedSerializationConstructorAccessor1'
Event: 1296.651 Thread 0x0000014845938e20 Unloading class 0x0000014847bc0800 'jdk/internal/reflect/GeneratedSerializationConstructorAccessor22'
Event: 1296.651 Thread 0x0000014845938e20 Unloading class 0x0000014847bc0400 'jdk/internal/reflect/GeneratedSerializationConstructorAccessor21'
Event: 1296.651 Thread 0x0000014845938e20 Unloading class 0x0000014847bc0000 'jdk/internal/reflect/GeneratedSerializationConstructorAccessor20'
Event: 1296.651 Thread 0x0000014845938e20 Unloading class 0x0000014847bb9c00 'jdk/internal/reflect/GeneratedSerializationConstructorAccessor19'
Event: 1296.651 Thread 0x0000014845938e20 Unloading class 0x0000014847bb9800 'jdk/internal/reflect/GeneratedSerializationConstructorAccessor18'
Event: 1296.651 Thread 0x0000014845938e20 Unloading class 0x0000014847bb9400 'jdk/internal/reflect/GeneratedSerializationConstructorAccessor17'
Event: 1296.651 Thread 0x0000014845938e20 Unloading class 0x0000014847bb9000 'jdk/internal/reflect/GeneratedSerializationConstructorAccessor16'
Event: 1296.651 Thread 0x0000014845938e20 Unloading class 0x0000014847bb8c00 'jdk/internal/reflect/GeneratedSerializationConstructorAccessor15'
Event: 1296.651 Thread 0x0000014845938e20 Unloading class 0x0000014847bb8800 'jdk/internal/reflect/GeneratedSerializationConstructorAccessor14'
Event: 1296.651 Thread 0x0000014845938e20 Unloading class 0x0000014847bb8400 'jdk/internal/reflect/GeneratedSerializationConstructorAccessor13'
Event: 1296.651 Thread 0x0000014845938e20 Unloading class 0x0000014847bb8000 'jdk/internal/reflect/GeneratedSerializationConstructorAccessor12'

Classes redefined (6 events):
Event: 238.551 Thread 0x0000014845938e20 redefined class name=com.oscar.healtry.controller.PlanSemanalController, count=1
Event: 1295.329 Thread 0x0000014845938e20 redefined class name=com.oscar.healtry.controller.PlanSemanalController, count=1
Event: 1295.329 Thread 0x0000014845938e20 redefined class name=com.oscar.healtry.controller.PlanSemanalController, count=2
Event: 1362.498 Thread 0x0000014845938e20 redefined class name=com.oscar.healtry.controller.PlanSemanalController, count=1
Event: 1362.498 Thread 0x0000014845938e20 redefined class name=com.oscar.healtry.controller.PlanSemanalController, count=2
Event: 1362.498 Thread 0x0000014845938e20 redefined class name=com.oscar.healtry.controller.PlanSemanalController, count=3

Internal exceptions (20 events):
Event: 1080.078 Thread 0x0000014893457460 Exception <a 'java/lang/NoSuchMethodError'{0x000000070a1a5178}: 'java.lang.Object java.lang.invoke.DirectMethodHandle$Holder.invokeSpecial(java.lang.Object, java.lang.Object, java.lang.Object, java.lang.Object, java.lang.Object, java.lang.Object, java.lang.Object, java.lang.Object, java.lang.Object, int)'> (0x000000070a1a5178) 
thrown [s\src\hotspot\share\interpreter\linkResolver.cpp, line 773]
Event: 1083.437 Thread 0x0000014894336630 Exception <a 'java/lang/IncompatibleClassChangeError'{0x0000000709f63d20}: Found class java.lang.Object, but interface was expected> (0x0000000709f63d20) 
thrown [s\src\hotspot\share\interpreter\linkResolver.cpp, line 840]
Event: 1099.852 Thread 0x0000014894335fa0 Exception <a 'java/lang/NoSuchMethodError'{0x0000000709643a78}: 'int java.lang.invoke.DirectMethodHandle$Holder.invokeStatic(java.lang.Object, java.lang.Object, int, int)'> (0x0000000709643a78) 
thrown [s\src\hotspot\share\interpreter\linkResolver.cpp, line 773]
Event: 1141.680 Thread 0x0000014893454d00 Exception <a 'java/lang/IncompatibleClassChangeError'{0x000000070c9b3550}: Found class java.lang.Object, but interface was expected> (0x000000070c9b3550) 
thrown [s\src\hotspot\share\interpreter\linkResolver.cpp, line 840]
Event: 1296.615 Thread 0x0000014894333ed0 Exception <a 'java/lang/InterruptedException'{0x000000070abf4e08}: sleep interrupted> (0x000000070abf4e08) 
thrown [s\src\hotspot\share\prims\jvm.cpp, line 3074]
Event: 1296.768 Thread 0x000001488ead1e80 Exception <a 'sun/nio/fs/WindowsException'{0x0000000714e6f528}> (0x0000000714e6f528) 
thrown [s\src\hotspot\share\prims\jni.cpp, line 520]
Event: 1298.587 Thread 0x000001488ead1e80 Exception <a 'java/lang/NoClassDefFoundError'{0x00000007094cc9a8}: org/flywaydb/core/Flyway> (0x00000007094cc9a8) 
thrown [s\src\hotspot\share\oops\constantPool.cpp, line 873]
Event: 1298.589 Thread 0x000001488ead1e80 Exception <a 'java/lang/NoClassDefFoundError'{0x00000007094cd008}: liquibase/integration/spring/SpringLiquibase> (0x00000007094cd008) 
thrown [s\src\hotspot\share\oops\constantPool.cpp, line 873]
Event: 1298.596 Thread 0x000001488ead1e80 Exception <a 'java/lang/NoClassDefFoundError'{0x0000000709506308}: org/jooq/DSLContext> (0x0000000709506308) 
thrown [s\src\hotspot\share\oops\constantPool.cpp, line 873]
Event: 1298.605 Thread 0x000001488ead1e80 Exception <a 'java/lang/NoClassDefFoundError'{0x000000070957e530}: org/springframework/batch/core/repository/JobRepository> (0x000000070957e530) 
thrown [s\src\hotspot\share\oops\constantPool.cpp, line 873]
Event: 1298.607 Thread 0x000001488ead1e80 Exception <a 'java/lang/NoClassDefFoundError'{0x000000070957eb88}: org/quartz/Scheduler> (0x000000070957eb88) 
thrown [s\src\hotspot\share\oops\constantPool.cpp, line 873]
Event: 1298.609 Thread 0x000001488ead1e80 Exception <a 'java/lang/NoClassDefFoundError'{0x000000070957f208}: org/springframework/session/jdbc/JdbcIndexedSessionRepository> (0x000000070957f208) 
thrown [s\src\hotspot\share\oops\constantPool.cpp, line 873]
Event: 1298.648 Thread 0x000001488ead1e80 Exception <a 'java/lang/ArrayIndexOutOfBoundsException'{0x00000007092e5e48}> (0x00000007092e5e48) 
thrown [s\src\hotspot\share\runtime\sharedRuntime.cpp, line 625]
Event: 1298.648 Thread 0x000001488ead1e80 Exception <a 'java/lang/ArrayIndexOutOfBoundsException'{0x00000007092e6420}> (0x00000007092e6420) 
thrown [s\src\hotspot\share\runtime\sharedRuntime.cpp, line 625]
Event: 1298.654 Thread 0x000001488ead1e80 Exception <a 'java/lang/ArrayIndexOutOfBoundsException'{0x000000070932a5a8}> (0x000000070932a5a8) 
thrown [s\src\hotspot\share\runtime\sharedRuntime.cpp, line 625]
Event: 1298.654 Thread 0x000001488ead1e80 Exception <a 'java/lang/ArrayIndexOutOfBoundsException'{0x000000070932ab80}> (0x000000070932ab80) 
thrown [s\src\hotspot\share\runtime\sharedRuntime.cpp, line 625]
Event: 1298.909 Thread 0x000001488ead1e80 Exception <a 'java/io/FileNotFoundException'{0x000000070c84c8a0}> (0x000000070c84c8a0) 
thrown [s\src\hotspot\share\prims\jni.cpp, line 520]
Event: 1299.125 Thread 0x000001488ead1e80 Exception <a 'java/io/FileNotFoundException'{0x000000070bf1aea8}> (0x000000070bf1aea8) 
thrown [s\src\hotspot\share\prims\jni.cpp, line 520]
Event: 1301.388 Thread 0x000001488ead1e80 Exception <a 'java/net/BindException'{0x0000000709b3b3b8}: Address already in use: bind> (0x0000000709b3b3b8) 
thrown [s\src\hotspot\share\prims\jni.cpp, line 539]
Event: 1301.538 Thread 0x0000014894337350 Implicit null exception at 0x00000148364390cf to 0x0000014836439350

ZGC Phase Switch (0 events):
No events

VM Operations (20 events):
Event: 1343.207 Executing VM operation: get/set locals
Event: 1343.207 Executing VM operation: get/set locals done
Event: 1343.208 Executing VM operation: get/set locals
Event: 1343.208 Executing VM operation: get/set locals done
Event: 1343.208 Executing VM operation: get/set locals
Event: 1343.208 Executing VM operation: get/set locals done
Event: 1362.475 Executing VM operation: ChangeSingleStep
Event: 1362.475 Executing VM operation: ChangeSingleStep done
Event: 1362.475 Executing VM operation: ChangeSingleStep
Event: 1362.475 Executing VM operation: ChangeSingleStep done
Event: 1362.487 Executing VM operation: RedefineClasses
Event: 1362.519 Executing VM operation: RedefineClasses done
Event: 1362.535 Executing VM operation: ChangeBreakpoints
Event: 1362.537 Executing VM operation: ChangeBreakpoints done
Event: 1362.540 Executing VM operation: ChangeBreakpoints
Event: 1362.543 Executing VM operation: ChangeBreakpoints done
Event: 1362.546 Executing VM operation: ChangeBreakpoints
Event: 1362.549 Executing VM operation: ChangeBreakpoints done
Event: 1362.554 Executing VM operation: ChangeSingleStep
Event: 1362.554 Executing VM operation: ChangeSingleStep done

Memory protections (0 events):
No events

Nmethod flushes (20 events):
Event: 1301.481 Thread 0x0000014845938e20 flushing  nmethod 0x000001482f23b910
Event: 1301.481 Thread 0x0000014845938e20 flushing  nmethod 0x000001482f23c090
Event: 1301.481 Thread 0x0000014845938e20 flushing  nmethod 0x000001482f27d310
Event: 1301.481 Thread 0x0000014845938e20 flushing  nmethod 0x000001482f2e5f90
Event: 1301.481 Thread 0x0000014845938e20 flushing  nmethod 0x000001482f2e6a10
Event: 1301.481 Thread 0x0000014845938e20 flushing  nmethod 0x000001482f2e7810
Event: 1301.481 Thread 0x0000014845938e20 flushing  nmethod 0x000001482f37c910
Event: 1301.481 Thread 0x0000014845938e20 flushing  nmethod 0x000001482f3a4f10
Event: 1301.481 Thread 0x0000014845938e20 flushing  nmethod 0x000001482f3a6490
Event: 1301.481 Thread 0x0000014845938e20 flushing  nmethod 0x000001482f3a7890
Event: 1301.481 Thread 0x0000014845938e20 flushing  nmethod 0x000001482f3acf10
Event: 1301.481 Thread 0x0000014845938e20 flushing  nmethod 0x000001482f4f1610
Event: 1301.481 Thread 0x0000014845938e20 flushing  nmethod 0x000001482f5bae90
Event: 1301.481 Thread 0x0000014845938e20 flushing  nmethod 0x000001482f605c10
Event: 1301.481 Thread 0x0000014845938e20 flushing  nmethod 0x000001482f60a910
Event: 1301.481 Thread 0x0000014845938e20 flushing  nmethod 0x000001482f776910
Event: 1301.481 Thread 0x0000014845938e20 flushing  nmethod 0x000001482f776d10
Event: 1301.481 Thread 0x0000014845938e20 flushing  nmethod 0x000001482f777190
Event: 1301.481 Thread 0x0000014845938e20 flushing  nmethod 0x000001482f778010
Event: 1301.481 Thread 0x0000014845938e20 flushing  nmethod 0x000001482fc22b90

Events (20 events):
Event: 1301.383 Thread 0x000001488ead1e80 Thread added: 0x0000014894331e00
Event: 1301.441 Thread 0x000001488ead1e80 Thread added: 0x0000014894333840
Event: 1301.441 Thread 0x000001488ead1e80 Thread added: 0x0000014894332b20
Event: 1301.441 Thread 0x000001488ead1e80 Thread added: 0x0000014894333ed0
Event: 1301.441 Thread 0x000001488ead1e80 Thread added: 0x0000014894330a50
Event: 1301.441 Thread 0x000001488ead1e80 Thread added: 0x0000014894335280
Event: 1301.441 Thread 0x000001488ead1e80 Thread added: 0x0000014894335910
Event: 1301.442 Thread 0x000001488ead1e80 Thread added: 0x0000014894335fa0
Event: 1301.442 Thread 0x000001488ead1e80 Thread added: 0x0000014894337350
Event: 1301.442 Thread 0x000001488ead1e80 Thread added: 0x0000014894334560
Event: 1301.442 Thread 0x000001488ead1e80 Thread added: 0x0000014894336630
Event: 1301.447 Thread 0x000001488ead1e80 Thread added: 0x0000014893457460
Event: 1301.447 Thread 0x000001488ead1e80 Thread added: 0x00000148934560b0
Event: 1301.503 Thread 0x000001488ead1e80 Thread exited: 0x000001488ead1e80
Event: 1301.503 Thread 0x000001488ead45e0 Thread exited: 0x000001488ead45e0
Event: 1301.573 Thread 0x0000014845990090 Thread added: 0x000001488e47d600
Event: 1301.657 Thread 0x000001488e47d600 Thread added: 0x000001488e481350
Event: 1304.793 Thread 0x000001488ead17f0 Thread exited: 0x000001488ead17f0
Event: 1304.825 Thread 0x000001488e481350 Thread exited: 0x000001488e481350
Event: 1304.825 Thread 0x000001488e47d600 Thread exited: 0x000001488e47d600


Dynamic libraries:
0x00007ff6e4750000 - 0x00007ff6e475e000 	C:\Users\Oscgom\.p2\pool\plugins\org.eclipse.justj.openjdk.hotspot.jre.full.win32.x86_64_21.0.8.v20250724-1412\jre\bin\javaw.exe
0x00007ffa8b160000 - 0x00007ffa8b3c8000 	C:\WINDOWS\SYSTEM32\ntdll.dll
0x00007ffa898f0000 - 0x00007ffa899b9000 	C:\WINDOWS\System32\KERNEL32.DLL
0x00007ffa88460000 - 0x00007ffa88858000 	C:\WINDOWS\System32\KERNELBASE.dll
0x00007ffa88280000 - 0x00007ffa883cb000 	C:\WINDOWS\System32\ucrtbase.dll
0x00007ffa64da0000 - 0x00007ffa64dbe000 	C:\Users\Oscgom\.p2\pool\plugins\org.eclipse.justj.openjdk.hotspot.jre.full.win32.x86_64_21.0.8.v20250724-1412\jre\bin\VCRUNTIME140.dll
0x00007ffa68680000 - 0x00007ffa68698000 	C:\Users\Oscgom\.p2\pool\plugins\org.eclipse.justj.openjdk.hotspot.jre.full.win32.x86_64_21.0.8.v20250724-1412\jre\bin\jli.dll
0x00007ffa89b90000 - 0x00007ffa89d57000 	C:\WINDOWS\System32\USER32.dll
0x00007ffa889e0000 - 0x00007ffa88a07000 	C:\WINDOWS\System32\win32u.dll
0x00007ffa6efb0000 - 0x00007ffa6f244000 	C:\WINDOWS\WinSxS\amd64_microsoft.windows.common-controls_6595b64144ccf1df_6.0.26100.7019_none_3e06ffa0e335b8a8\COMCTL32.dll
0x00007ffa8a7a0000 - 0x00007ffa8a7cb000 	C:\WINDOWS\System32\GDI32.dll
0x00007ffa891b0000 - 0x00007ffa89259000 	C:\WINDOWS\System32\msvcrt.dll
0x00007ffa88da0000 - 0x00007ffa88ecc000 	C:\WINDOWS\System32\gdi32full.dll
0x00007ffa88a10000 - 0x00007ffa88ab3000 	C:\WINDOWS\System32\msvcp_win.dll
0x00007ffa89ed0000 - 0x00007ffa89f01000 	C:\WINDOWS\System32\IMM32.DLL
0x00007ffa676a0000 - 0x00007ffa676ac000 	C:\Users\Oscgom\.p2\pool\plugins\org.eclipse.justj.openjdk.hotspot.jre.full.win32.x86_64_21.0.8.v20250724-1412\jre\bin\vcruntime140_1.dll
0x00007ffa0dcd0000 - 0x00007ffa0dd5d000 	C:\Users\Oscgom\.p2\pool\plugins\org.eclipse.justj.openjdk.hotspot.jre.full.win32.x86_64_21.0.8.v20250724-1412\jre\bin\msvcp140.dll
0x00007ff9d6c10000 - 0x00007ff9d79a7000 	C:\Users\Oscgom\.p2\pool\plugins\org.eclipse.justj.openjdk.hotspot.jre.full.win32.x86_64_21.0.8.v20250724-1412\jre\bin\server\jvm.dll
0x00007ffa899c0000 - 0x00007ffa89a74000 	C:\WINDOWS\System32\ADVAPI32.dll
0x00007ffa8a610000 - 0x00007ffa8a6b6000 	C:\WINDOWS\System32\sechost.dll
0x00007ffa89f10000 - 0x00007ffa8a028000 	C:\WINDOWS\System32\RPCRT4.dll
0x00007ffa8af70000 - 0x00007ffa8afe4000 	C:\WINDOWS\System32\WS2_32.dll
0x00007ffa70a60000 - 0x00007ffa70a6b000 	C:\WINDOWS\SYSTEM32\VERSION.dll
0x00007ffa84a70000 - 0x00007ffa84aa5000 	C:\WINDOWS\SYSTEM32\WINMM.dll
0x00007ffa880e0000 - 0x00007ffa8813e000 	C:\WINDOWS\SYSTEM32\POWRPROF.dll
0x00007ffa880c0000 - 0x00007ffa880d4000 	C:\WINDOWS\SYSTEM32\UMPDC.dll
0x00007ffa87000000 - 0x00007ffa8701b000 	C:\WINDOWS\SYSTEM32\kernel.appcore.dll
0x00007ffa7a8e0000 - 0x00007ffa7a8ea000 	C:\Users\Oscgom\.p2\pool\plugins\org.eclipse.justj.openjdk.hotspot.jre.full.win32.x86_64_21.0.8.v20250724-1412\jre\bin\jimage.dll
0x00007ffa85a30000 - 0x00007ffa85c72000 	C:\WINDOWS\SYSTEM32\DBGHELP.DLL
0x00007ffa8a280000 - 0x00007ffa8a60b000 	C:\WINDOWS\System32\combase.dll
0x00007ffa8a6c0000 - 0x00007ffa8a797000 	C:\WINDOWS\System32\OLEAUT32.dll
0x00007ffa709e0000 - 0x00007ffa70a1c000 	C:\WINDOWS\SYSTEM32\dbgcore.DLL
0x00007ffa88cf0000 - 0x00007ffa88d95000 	C:\WINDOWS\System32\bcryptPrimitives.dll
0x00007ffa4dde0000 - 0x00007ffa4de1c000 	C:\Users\Oscgom\.p2\pool\plugins\org.eclipse.justj.openjdk.hotspot.jre.full.win32.x86_64_21.0.8.v20250724-1412\jre\bin\jdwp.dll
0x00007ffa77290000 - 0x00007ffa7729f000 	C:\Users\Oscgom\.p2\pool\plugins\org.eclipse.justj.openjdk.hotspot.jre.full.win32.x86_64_21.0.8.v20250724-1412\jre\bin\instrument.dll
0x00007ffa68450000 - 0x00007ffa6846f000 	C:\Users\Oscgom\.p2\pool\plugins\org.eclipse.justj.openjdk.hotspot.jre.full.win32.x86_64_21.0.8.v20250724-1412\jre\bin\java.dll
0x00007ffa8a810000 - 0x00007ffa8af5f000 	C:\WINDOWS\System32\SHELL32.dll
0x00007ffa88ac0000 - 0x00007ffa88c2b000 	C:\WINDOWS\System32\wintypes.dll
0x00007ffa85e60000 - 0x00007ffa866bd000 	C:\WINDOWS\SYSTEM32\windows.storage.dll
0x00007ffa8aff0000 - 0x00007ffa8b0e2000 	C:\WINDOWS\System32\SHCORE.dll
0x00007ffa896f0000 - 0x00007ffa89757000 	C:\WINDOWS\System32\shlwapi.dll
0x00007ffa881a0000 - 0x00007ffa881c9000 	C:\WINDOWS\SYSTEM32\profapi.dll
0x00007ffa67420000 - 0x00007ffa67438000 	C:\Users\Oscgom\.p2\pool\plugins\org.eclipse.justj.openjdk.hotspot.jre.full.win32.x86_64_21.0.8.v20250724-1412\jre\bin\zip.dll
0x00007ffa67370000 - 0x00007ffa6737b000 	C:\Users\Oscgom\.p2\pool\plugins\org.eclipse.justj.openjdk.hotspot.jre.full.win32.x86_64_21.0.8.v20250724-1412\jre\bin\dt_socket.dll
0x00007ffa86b40000 - 0x00007ffa86b74000 	C:\WINDOWS\SYSTEM32\IPHLPAPI.DLL
0x00007ffa87550000 - 0x00007ffa875bb000 	C:\WINDOWS\system32\mswsock.dll
0x00007ffa86b80000 - 0x00007ffa86cac000 	C:\WINDOWS\SYSTEM32\DNSAPI.dll
0x00007ffa8a7f0000 - 0x00007ffa8a7fa000 	C:\WINDOWS\System32\NSI.dll
0x00007ffa7fe80000 - 0x00007ffa7fe8b000 	C:\Windows\System32\rasadhlp.dll
0x00007ffa826b0000 - 0x00007ffa82736000 	C:\WINDOWS\System32\fwpuclnt.dll
0x00007ffa706e0000 - 0x00007ffa706f0000 	C:\Users\Oscgom\.p2\pool\plugins\org.eclipse.justj.openjdk.hotspot.jre.full.win32.x86_64_21.0.8.v20250724-1412\jre\bin\net.dll
0x00007ffa81c00000 - 0x00007ffa81d28000 	C:\WINDOWS\SYSTEM32\WINHTTP.dll
0x00007ffa67400000 - 0x00007ffa67416000 	C:\Users\Oscgom\.p2\pool\plugins\org.eclipse.justj.openjdk.hotspot.jre.full.win32.x86_64_21.0.8.v20250724-1412\jre\bin\nio.dll
0x00007ffa70640000 - 0x00007ffa70650000 	C:\Users\Oscgom\.p2\pool\plugins\org.eclipse.justj.openjdk.hotspot.jre.full.win32.x86_64_21.0.8.v20250724-1412\jre\bin\verify.dll
0x00007ffa70700000 - 0x00007ffa7070a000 	C:\Users\Oscgom\.p2\pool\plugins\org.eclipse.justj.openjdk.hotspot.jre.full.win32.x86_64_21.0.8.v20250724-1412\jre\bin\management.dll
0x00007ffa706f0000 - 0x00007ffa706fb000 	C:\Users\Oscgom\.p2\pool\plugins\org.eclipse.justj.openjdk.hotspot.jre.full.win32.x86_64_21.0.8.v20250724-1412\jre\bin\management_ext.dll
0x00007ffa8a800000 - 0x00007ffa8a808000 	C:\WINDOWS\System32\PSAPI.DLL
0x00007ffa6bd90000 - 0x00007ffa6bd9e000 	C:\Users\Oscgom\.p2\pool\plugins\org.eclipse.justj.openjdk.hotspot.jre.full.win32.x86_64_21.0.8.v20250724-1412\jre\bin\sunmscapi.dll
0x00007ffa88860000 - 0x00007ffa889d7000 	C:\WINDOWS\System32\CRYPT32.dll
0x00007ffa87a80000 - 0x00007ffa87ab0000 	C:\WINDOWS\SYSTEM32\ncrypt.dll
0x00007ffa87a30000 - 0x00007ffa87a6f000 	C:\WINDOWS\SYSTEM32\NTASN1.dll
0x00007ffa87940000 - 0x00007ffa8795b000 	C:\WINDOWS\SYSTEM32\CRYPTSP.dll
0x00007ffa86f60000 - 0x00007ffa86f9a000 	C:\WINDOWS\system32\rsaenh.dll
0x00007ffa87600000 - 0x00007ffa8762b000 	C:\WINDOWS\SYSTEM32\USERENV.dll
0x00007ffa88170000 - 0x00007ffa8819a000 	C:\WINDOWS\SYSTEM32\bcrypt.dll
0x00007ffa877a0000 - 0x00007ffa877ac000 	C:\WINDOWS\SYSTEM32\CRYPTBASE.dll
0x00007ffa676e0000 - 0x00007ffa676e9000 	C:\Users\Oscgom\.p2\pool\plugins\org.eclipse.justj.openjdk.hotspot.jre.full.win32.x86_64_21.0.8.v20250724-1412\jre\bin\extnet.dll
0x00007ffa59760000 - 0x00007ffa59768000 	C:\WINDOWS\system32\wshunix.dll

JVMTI agents:
jdwp path:C:\Users\Oscgom\.p2\pool\plugins\org.eclipse.justj.openjdk.hotspot.jre.full.win32.x86_64_21.0.8.v20250724-1412\jre\bin\jdwp.dll, loaded, initialized, options:transport=dt_socket,suspend=y,address=localhost:59608
C:\Users\Oscgom\eclipse\jee-2025-09\eclipse\configuration\org.eclipse.osgi\442\0\.cp\lib\javaagent-shaded.jar path:C:\Users\Oscgom\.p2\pool\plugins\org.eclipse.justj.openjdk.hotspot.jre.full.win32.x86_64_21.0.8.v20250724-1412\jre\bin\instrument.dll, loaded, initialized, instrumentlib options:none

dbghelp: loaded successfully - version: 4.0.5 - missing functions: none
symbol engine: initialized successfully - sym options: 0x614 - pdb path: .;C:\Users\Oscgom\.p2\pool\plugins\org.eclipse.justj.openjdk.hotspot.jre.full.win32.x86_64_21.0.8.v20250724-1412\jre\bin;C:\WINDOWS\SYSTEM32;C:\WINDOWS\WinSxS\amd64_microsoft.windows.common-controls_6595b64144ccf1df_6.0.26100.7019_none_3e06ffa0e335b8a8;C:\Users\Oscgom\.p2\pool\plugins\org.eclipse.justj.openjdk.hotspot.jre.full.win32.x86_64_21.0.8.v20250724-1412\jre\bin\server

VM Arguments:
jvm_args: -XX:+ShowCodeDetailsInExceptionMessages -agentlib:jdwp=transport=dt_socket,suspend=y,address=localhost:59608 -javaagent:C:\Users\Oscgom\eclipse\jee-2025-09\eclipse\configuration\org.eclipse.osgi\442\0\.cp\lib\javaagent-shaded.jar -Dfile.encoding=UTF-8 -Dstdout.encoding=UTF-8 -Dstderr.encoding=UTF-8 
java_command: com.oscar.healtry.HealtryApplication
java_class_path (initial): C:\WORKSPACE\healtry\healtryback\target\classes;C:\Users\Oscgom\.m2\repository\org\springframework\boot\spring-boot-starter\3.4.5\spring-boot-starter-3.4.5.jar;C:\Users\Oscgom\.m2\repository\org\springframework\boot\spring-boot-starter-logging\3.4.5\spring-boot-starter-logging-3.4.5.jar;C:\Users\Oscgom\.m2\repository\ch\qos\logback\logback-classic\1.5.18\logback-classic-1.5.18.jar;C:\Users\Oscgom\.m2\repository\ch\qos\logback\logback-core\1.5.18\logback-core-1.5.18.jar;C:\Users\Oscgom\.m2\repository\org\apache\logging\log4j\log4j-to-slf4j\2.24.3\log4j-to-slf4j-2.24.3.jar;C:\Users\Oscgom\.m2\repository\org\apache\logging\log4j\log4j-api\2.24.3\log4j-api-2.24.3.jar;C:\Users\Oscgom\.m2\repository\org\slf4j\jul-to-slf4j\2.0.17\jul-to-slf4j-2.0.17.jar;C:\Users\Oscgom\.m2\repository\jakarta\annotation\jakarta.annotation-api\2.1.1\jakarta.annotation-api-2.1.1.jar;C:\Users\Oscgom\.m2\repository\org\yaml\snakeyaml\2.3\snakeyaml-2.3.jar;C:\Users\Oscgom\.m2\repository\org\slf4j\slf4j-api\2.0.17\slf4j-api-2.0.17.jar;C:\Users\Oscgom\.m2\repository\jakarta\xml\bind\jakarta.xml.bind-api\4.0.2\jakarta.xml.bind-api-4.0.2.jar;C:\Users\Oscgom\.m2\repository\jakarta\activation\jakarta.activation-api\2.1.3\jakarta.activation-api-2.1.3.jar;C:\Users\Oscgom\.m2\repository\net\bytebuddy\byte-buddy\1.15.11\byte-buddy-1.15.11.jar;C:\Users\Oscgom\.m2\repository\org\springframework\spring-core\6.2.6\spring-core-6.2.6.jar;C:\Users\Oscgom\.m2\repository\org\springframework\spring-jcl\6.2.6\spring-jcl-6.2.6.jar;C:\Users\Oscgom\.m2\repository\org\springframework\boot\spring-boot-starter-actuator\3.4.5\spring-boot-starter-actuator-3.4.5.jar;C:\Users\Oscgom\.m2\repository\org\springframework\boot\spring-boot-actuator-autoconfigure\3.4.5\spring-boot-actuator-autoconfigure-3.4.5.jar;C:\Users\Oscgom\.m2\repository\org\springframework\boot\spring-boot-actuator\3.4.5\spring-boot-actuator-3.4.5.jar;C:\Users\Oscgom\.m2\repository\com\fasterxml\jackson\core\jackson-databind\2.18.3\jackson-databind-2.18.3.jar;C:\Users\Oscgom\.m2\repository\com\fasterxml\jackson\core\jackson-annotations\2.18.3\jackson-annotations-2.18.3.jar;C:\Users\Oscgom\.m2\repository\com\fasterxml\jackson\core\jackson-core\2.18.3\jackson-core-2.18.3.jar;C:\Users\Oscgom\.m2\repository\com\fasterxml\jackson\datatype\jackson-datatype-jsr310\2.18.3\jackson-datatype-jsr310-2.18.3.jar;C:\Users\Oscgom\.m2\repository\io\micrometer\micrometer-observation\1.14.6\micrometer-observation-1.14.6.jar;C:\Users\Oscgom\.m2\repository\io\micrometer\micrometer-commons\1.14.6\micrometer-commons-1.14.6.jar;C:\Users\Oscgom\.m2\repository\io\micrometer\micrometer-jakarta9\1.14.6\micrometer-jakarta9-1.14.6.jar;C:\Users\Oscgom\.m2\repository\io\micrometer\micrometer-core\1.14.6\micrometer-core-1.14.6.jar;C:\Users\Oscgom\.m2\repository\org\hdrhistogram\HdrHistogram\2.2.2\HdrHistogram-2.2.2.jar;C:\Users\Oscgom\.m2\repository\org\latencyutils\LatencyUtils\2.0.3\LatencyUtils-2.0.3.jar;C:\Users\Oscgom\.m2\repository\org\springframework\boot\spring-boot-starter-data-jpa\3.4.5\spring-boot-starter-data-jpa-3.4.5.jar;C:\Users\Oscgom\.m2\repository\org\springframework\boot\spring-boot-starter-jdbc\3.4.5\spring-boot-starter-jdbc-3.4.5.jar;C:\Users\Oscgom\.m2\repository\com\zaxxer\HikariCP\5.1.0\HikariCP-5.1.0.jar;C:\Users\Oscgom\.m2\repository\org\springframework\spring-jdbc\6.2.6\spring-jdbc-6.2.6.jar;C:\Users\Oscgom\.m2\repository\org\hibernate\orm\hibernate-core\6.6.13.Final\hibernate-core-6.6.13.Final.jar;C:\Users\Oscgom\.m2\repository\jakarta\persistence\jakarta.persistence-api\3.1.0\jakarta.persistence-api-3.1.0.jar;C:\Users\Oscgom\.m2\repository\jakarta\transaction\jakarta.transaction-api\2.0.1\jakarta.transaction-api-2.0.1.jar;C:\Users\Oscgom\.m2\repository\org\jboss\logging\jboss-logging\3.6.1.Final\jboss-logging-3.6.1.Final.jar;C:\Users\Oscgom\.m2\repository\org\hibernate\common\hibernate-commons-annotations\7.0.3.Final\hibernate-commons-annotations-7.0.3.Final.jar;C:\Users\Oscgom\.m2\repository\io\smallrye\jandex\3.2.0\jandex-3.2.0.jar;C:\Users\Oscgom\.m2\repository\com\fasterxml\classmate\1.7.0\classmate-1.7.0.jar;C:\Users\Oscgom\.m2\repository\org\glassfish\jaxb\jaxb-runtime\4.0.5\jaxb-runtime-4.0.5.jar;C:\Users\Oscgom\.m2\repository\org\glassfish\jaxb\jaxb-core\4.0.5\jaxb-core-4.0.5.jar;C:\Users\Oscgom\.m2\repository\org\eclipse\angus\angus-activation\2.0.2\angus-activation-2.0.2.jar;C:\Users\Oscgom\.m2\repository\org\glassfish\jaxb\txw2\4.0.5\txw2-4.0.5.jar;C:\Users\Oscgom\.m2\repository\com\sun\istack\istack-commons-runtime\4.1.2\istack-commons-runtime-4.1.2.jar;C:\Users\Oscgom\.m2\repository\jakarta\inject\jakarta.inject-api\2.0.1\jakarta.inject-api-2.0.1.jar;C:\Users\Oscgom\.m2\repository\org\antlr\antlr4-runtime\4.13.0\antlr4-runtime-4.13.0.jar;C:\Users\Oscgom\.m2\repository\org\springframework\data\spring-data-jpa\3.4.5\spring-data-jpa-3.4.5.jar;C:\Users\Oscgom\.m2\repository\org\springframework\data\spring-data-commons\3.4.5\spring-data-commons-3.4.5.jar;C:\Users\Oscgom\.m2\repository\org\springframework\spring-orm\6.2.6\spring-orm-6.2.6.jar;C:\Users\Oscgom\.m2\repository\org\springframework\spring-context\6.2.6\spring-context-6.2.6.jar;C:\Users\Oscgom\.m2\repository\org\springframework\spring-aop\6.2.6\spring-aop-6.2.6.jar;C:\Users\Oscgom\.m2\repository\org\springframework\spring-tx\6.2.6\spring-tx-6.2.6.jar;C:\Users\Oscgom\.m2\repository\org\springframework\spring-beans\6.2.6\spring-beans-6.2.6.jar;C:\Users\Oscgom\.m2\repository\org\springframework\spring-aspects\6.2.6\spring-aspects-6.2.6.jar;C:\Users\Oscgom\.m2\repository\org\aspectj\aspectjweaver\1.9.24\aspectjweaver-1.9.24.jar;C:\Users\Oscgom\.m2\repository\org\springframework\boot\spring-boot-starter-validation\3.4.5\spring-boot-starter-validation-3.4.5.jar;C:\Users\Oscgom\.m2\repository\org\apache\tomcat\embed\tomcat-embed-el\10.1.40\tomcat-embed-el-10.1.40.jar;C:\Users\Oscgom\.m2\repository\org\hibernate\validator\hibernate-validator\8.0.2.Final\hibernate-validator-8.0.2.Final.jar;C:\Users\Oscgom\.m2\repository\jakarta\validation\jakarta.validation-api\3.0.2\jakarta.validation-api-3.0.2.jar;C:\Users\Oscgom\.m2\repository\org\springframework\boot\spring-boot-starter-web\3.4.5\spring-boot-starter-web-3.4.5.jar;C:\Users\Oscgom\.m2\repository\org\springframework\boot\spring-boot-starter-json\3.4.5\spring-boot-starter-json-3.4.5.jar;C:\Users\Oscgom\.m2\repository\com\fasterxml\jackson\datatype\jackson-datatype-jdk8\2.18.3\jackson-datatype-jdk8-2.18.3.jar;C:\Users\Oscgom\.m2\repository\com\fasterxml\jackson\module\jackson-module-parameter-names\2.18.3\jackson-module-parameter-names-2.18.3.jar;C:\Users\Oscgom\.m2\repository\org\springframework\boot\spring-boot-starter-tomcat\3.4.5\spring-boot-starter-tomcat-3.4.5.jar;C:\Users\Oscgom\.m2\repository\org\apache\tomcat\embed\tomcat-embed-core\10.1.40\tomcat-embed-core-10.1.40.jar;C:\Users\Oscgom\.m2\repository\org\apache\tomcat\embed\tomcat-embed-websocket\10.1.40\tomcat-embed-websocket-10.1.40.jar;C:\Users\Oscgom\.m2\repository\org\springframework\spring-web\6.2.6\spring-web-6.2.6.jar;C:\Users\Oscgom\.m2\repository\org\springframework\spring-webmvc\6.2.6\spring-webmvc-6.2.6.jar;C:\Users\Oscgom\.m2\repository\org\springframework\spring-expression\6.2.6\spring-expression-6.2.6.jar;C:\Users\Oscgom\.m2\repository\org\springframework\boot\spring-boot-devtools\3.4.5\spring-boot-devtools-3.4.5.jar;C:\Users\Oscgom\.m2\repository\org\springframework\boot\spring-boot\3.4.5\spring-boot-3.4.5.jar;C:\Users\Oscgom\.m2\repository\org\springframework\boot\spring-boot-autoconfigure\3.4.5\spring-boot-autoconfigure-3.4.5.jar;C:\Users\Oscgom\.m2\repository\org\springdoc\springdoc-openapi-starter-webmvc-ui\2.8.13\springdoc-openapi-starter-webmvc-ui-2.8.13.jar;C:\Users\Oscgom\.m2\repository\org\springdoc\springdoc-openapi-starter-webmvc-api\2.8.13\springdoc-openapi-starter-webmvc-api-2.8.13.jar;C:\Users\Oscgom\.m2\repository\org\springdoc\springdoc-openapi-starter-common\2.8.13\springdoc-openapi-starter-common-2.8.13.jar;C:\Users\Oscgom\.m2\repository\io\swagger\core\v3\swagger-core-jakarta\2.2.36\swagger-core-jakarta-2.2.36.jar;C:\Users\Oscgom\.m2\repository\org\apache\commons\commons-lang3\3.17.0\commons-lang3-3.17.0.jar;C:\Users\Oscgom\.m2\repository\io\swagger\core\v3\swagger-annotations-jakarta\2.2.36\swagger-annotations-jakarta-2.2.36.jar;C:\Users\Oscgom\.m2\repository\io\swagger\core\v3\swagger-models-jakarta\2.2.36\swagger-models-jakarta-2.2.36.jar;C:\Users\Oscgom\.m2\repository\com\fasterxml\jackson\dataformat\jackson-dataformat-yaml\2.18.3\jackson-dataformat-yaml-2.18.3.jar;C:\Users\Oscgom\.m2\repository\org\webjars\swagger-ui\5.28.1\swagger-ui-5.28.1.jar;C:\Users\Oscgom\.m2\repository\org\webjars\webjars-locator-lite\1.0.1\webjars-locator-lite-1.0.1.jar;C:\Users\Oscgom\.m2\repository\org\jspecify\jspecify\1.0.0\jspecify-1.0.0.jar;C:\Users\Oscgom\.m2\repository\org\mariadb\jdbc\mariadb-java-client\3.4.2\mariadb-java-client-3.4.2.jar;C:\Users\Oscgom\.m2\repository\com\github\waffle\waffle-jna\3.3.0\waffle-jna-3.3.0.jar;C:\Users\Oscgom\.m2\repository\net\java\dev\jna\jna\5.13.0\jna-5.13.0.jar;C:\Users\Oscgom\.m2\repository\net\java\dev\jna\jna-platform\5.13.0\jna-platform-5.13.0.jar;C:\Users\Oscgom\.m2\repository\org\slf4j\jcl-over-slf4j\2.0.17\jcl-over-slf4j-2.0.17.jar;C:\Users\Oscgom\.m2\repository\com\github\ben-manes\caffeine\caffeine\3.1.8\caffeine-3.1.8.jar;C:\Users\Oscgom\.m2\repository\com\google\errorprone\error_prone_annotations\2.21.1\error_prone_annotations-2.21.1.jar;C:\Users\Oscgom\.m2\repository\org\checkerframework\checker-qual\3.32.0\checker-qual-3.32.0.jar;C:\Users\Oscgom\.m2\repository\org\projectlombok\lombok\1.18.38\lombok-1.18.38.jar
Launcher Type: SUN_STANDARD

[Global flags]
     intx CICompilerCount                          = 4                                         {product} {ergonomic}
     uint ConcGCThreads                            = 3                                         {product} {ergonomic}
     uint G1ConcRefinementThreads                  = 10                                        {product} {ergonomic}
   size_t G1HeapRegionSize                         = 2097152                                   {product} {ergonomic}
    uintx GCDrainStackTargetSize                   = 64                                        {product} {ergonomic}
   size_t InitialHeapSize                          = 264241152                                 {product} {ergonomic}
   size_t MarkStackSize                            = 4194304                                   {product} {ergonomic}
   size_t MaxHeapSize                              = 4206886912                                {product} {ergonomic}
   size_t MaxNewSize                               = 2522873856                                {product} {ergonomic}
   size_t MinHeapDeltaBytes                        = 2097152                                   {product} {ergonomic}
   size_t MinHeapSize                              = 8388608                                   {product} {ergonomic}
    uintx NonNMethodCodeHeapSize                   = 5839372                                {pd product} {ergonomic}
    uintx NonProfiledCodeHeapSize                  = 122909434                              {pd product} {ergonomic}
    uintx ProfiledCodeHeapSize                     = 122909434                              {pd product} {ergonomic}
    uintx ReservedCodeCacheSize                    = 251658240                              {pd product} {ergonomic}
     bool SegmentedCodeCache                       = true                                      {product} {ergonomic}
     bool ShowCodeDetailsInExceptionMessages       = true                                   {manageable} {command line}
   size_t SoftMaxHeapSize                          = 4206886912                             {manageable} {ergonomic}
     bool UseCompressedOops                        = true                           {product lp64_product} {ergonomic}
     bool UseG1GC                                  = true                                      {product} {ergonomic}
     bool UseLargePagesIndividualAllocation        = false                                  {pd product} {ergonomic}

Logging:
Log output configuration:
 #0: stdout all=warning uptime,level,tags foldmultilines=false
 #1: stderr all=off uptime,level,tags foldmultilines=false

Environment Variables:
JAVA_HOME=C:\Program Files\Java\jdk1.8.0_202
PATH=C:\Users\Oscgom\.p2\pool\plugins\org.eclipse.justj.openjdk.hotspot.jre.full.win32.x86_64_21.0.8.v20250724-1412\jre\bin;C:/Users/Oscgom/.p2/pool/plugins/org.eclipse.justj.openjdk.hotspot.jre.full.win32.x86_64_21.0.8.v20250724-1412/jre/bin/server;C:/Users/Oscgom/.p2/pool/plugins/org.eclipse.justj.openjdk.hotspot.jre.full.win32.x86_64_21.0.8.v20250724-1412/jre/bin;C:\Program Files\Microsoft SDKs\Azure\CLI2\wbin;C:\Program Files (x86)\Common Files\Oracle\Java\java8path;C:\Program Files (x86)\Common Files\Oracle\Java\javapath;C:\Program Files\Eclipse Adoptium\jdk-21.0.7.6-hotspot\bin;C:\Program Files\Eclipse Adoptium\jre-21.0.7.6-hotspot\bin;C:\Program Files\Python313\Scripts\;C:\Program Files\Python313\;C:\Program Files (x86)\\Oracle\oci_cli\;C:\Program Files\Eclipse Adoptium\jdk-17.0.8.7-hotspot\bin;C:\Program Files (x86)\Eclipse Adoptium\jre-8.0.382.5-hotspot\bin;C:\WINDOWS\system32;C:\WINDOWS;C:\WINDOWS\System32\Wbem;C:\WINDOWS\System32\WindowsPowerShell\v1.0\;C:\WINDOWS\System32\OpenSSH\;C:\Program Files\Microsoft VS Code\bin;C:\Users\Oscgom\AppData\Roaming\nvm;C:\Program Files\nodejs;C:\apache-maven-3.9.9\bin;C:\ProgramData\ComposerSetup\bin;C:\xampp\php;C:\Program Files\Amazon\AWSCLIV2\;C:\Program Files\dotnet\;C:\Program Files\Microsoft SQL Server\150\Tools\Binn\;C:\Program Files\Microsoft SQL Server\Client SDK\ODBC\170\Tools\Binn\;C:\ffmpeg\bin;;C:\ProgramData\chocolatey\bin;C:\Program Files (x86)\Microsoft SQL Server\160\Tools\Binn\;C:\Program Files\Microsoft SQL Server\160\Tools\Binn\;C:\Program Files\Microsoft SQL Server\160\DTS\Binn\;C:\Program Files\Docker\Docker\resources\bin;C:\Program Files\Graphviz\bin;C:\Users\Oscgom\AppData\Local\Microsoft\WindowsApps;C:\Users\Oscgom\AppData\Roaming\nvm;C:\Program Files\nodejs;C:\Users\Oscgom\AppData\Local\Atlassian\SourceTree\git_local\cmd;C:\apache-maven-3.9.9\bin;C:\Users\Oscgom\AppData\Roaming\Composer\vendor\bin;C:\Users\Oscgom\.dotnet\tools;C:\Users\Oscgom\AppData\Local\GitHubDesktop\bin;C:\Users\Oscgom\eclipse\jee-2025-09\eclipse;
USERNAME=Oscgom
OS=Windows_NT
PROCESSOR_IDENTIFIER=Intel64 Family 6 Model 186 Stepping 3, GenuineIntel
TMP=C:\Users\Oscgom\AppData\Local\Temp
TEMP=C:\Users\Oscgom\AppData\Local\Temp




Periodic native trim disabled

---------------  S Y S T E M  ---------------

OS:
 Windows 11 , 64 bit Build 26100 (10.0.26100.7019)
OS uptime: 2 days 2:33 hours
Hyper-V role detected

CPU: total 12 (initial active 12) (6 cores per cpu, 2 threads per core) family 6 model 186 stepping 3 microcode 0x4128, cx8, cmov, fxsr, ht, mmx, 3dnowpref, sse, sse2, sse3, ssse3, sse4.1, sse4.2, popcnt, lzcnt, tsc, tscinvbit, avx, avx2, aes, erms, clmul, bmi1, bmi2, adx, sha, fma, vzeroupper, clflush, clflushopt, clwb, hv, serialize, rdtscp, rdpid, fsrm, f16c, cet_ibt, cet_ss
Processor Information for processor 0
  Max Mhz: 1800, Current Mhz: 1800, Mhz Limit: 1800
Processor Information for processor 1
  Max Mhz: 1800, Current Mhz: 1800, Mhz Limit: 1800
Processor Information for processor 2
  Max Mhz: 1800, Current Mhz: 1472, Mhz Limit: 1800
Processor Information for processor 3
  Max Mhz: 1800, Current Mhz: 1800, Mhz Limit: 1800
Processor Information for processor 4
  Max Mhz: 1800, Current Mhz: 1300, Mhz Limit: 1296
Processor Information for processor 5
  Max Mhz: 1800, Current Mhz: 1300, Mhz Limit: 1296
Processor Information for processor 6
  Max Mhz: 1800, Current Mhz: 1300, Mhz Limit: 1296
Processor Information for processor 7
  Max Mhz: 1800, Current Mhz: 1300, Mhz Limit: 1296
Processor Information for processor 8
  Max Mhz: 1800, Current Mhz: 1300, Mhz Limit: 1296
Processor Information for processor 9
  Max Mhz: 1800, Current Mhz: 1300, Mhz Limit: 1296
Processor Information for processor 10
  Max Mhz: 1800, Current Mhz: 1300, Mhz Limit: 1296
Processor Information for processor 11
  Max Mhz: 1800, Current Mhz: 1300, Mhz Limit: 1296

Memory: 4k page, system-wide physical 16041M (2109M free)
TotalPageFile size 33067M (AvailPageFile size 8170M)
current process WorkingSet (physical memory assigned to process): 376M, peak: 440M
current process commit charge ("private bytes"): 409M, peak: 486M

vm_info: OpenJDK 64-Bit Server VM (21.0.8+9-LTS) for windows-amd64 JRE (21.0.8+9-LTS), built on 2025-07-15T00:00:00Z by "admin" with MS VC++ 17.7 (VS2022)

END.
